2026-05-15 21:19:34 [info]: 🚀 Starting DonorLink API Server... {"service":"donorlink-api"}
2026-05-15 21:19:34 [info]: 🗄️  Connecting to MongoDB (attempt 1/5)... {"service":"donorlink-api"}
2026-05-15 21:19:34 [info]: 🚀 Starting DonorLink API Server... {"service":"donorlink-api"}
2026-05-15 21:19:34 [info]: 🗄️  Connecting to MongoDB (attempt 1/5)... {"service":"donorlink-api"}
2026-05-15 21:19:40 [info]: ✅ MongoDB connected successfully {"service":"donorlink-api"}
2026-05-15 21:19:40 [info]: ✅ MongoDB connected successfully {"service":"donorlink-api"}
2026-05-15 21:19:40 [info]: 📡 Registering domain event handlers... {"service":"donorlink-api"}
2026-05-15 21:19:40 [debug]: Event handler registered for: blood_unit_created {"service":"donorlink-api"}
2026-05-15 21:19:40 [debug]: Event handler registered for: blood_unit_expired {"service":"donorlink-api"}
2026-05-15 21:19:40 [debug]: Event handler registered for: blood_unit_used {"service":"donorlink-api"}
2026-05-15 21:19:40 [debug]: Event handler registered for: emergency_declared {"service":"donorlink-api"}
2026-05-15 21:19:40 [debug]: Event handler registered for: transfer_requested {"service":"donorlink-api"}
2026-05-15 21:19:40 [debug]: Event handler registered for: transfer_completed {"service":"donorlink-api"}
2026-05-15 21:19:40 [debug]: Event handler registered for: shortage_detected {"service":"donorlink-api"}
2026-05-15 21:19:40 [debug]: Event handler registered for: user_created {"service":"donorlink-api"}
2026-05-15 21:19:40 [info]: ✅ Domain event handlers registered {"service":"donorlink-api"}
2026-05-15 21:19:40 [info]: ⏰ Initializing job scheduler... {"service":"donorlink-api"}
2026-05-15 21:19:40 [info]: ✅ Job scheduler initialized {"service":"donorlink-api"}
2026-05-15 21:19:40 [info]: ✅ DonorLink API running on port 5000 {"service":"donorlink-api"}
2026-05-15 21:19:40 [info]: 📡 Environment: development {"service":"donorlink-api"}
2026-05-15 21:19:40 [info]: 🔗 Health: http://localhost:5000/api/v1/health {"service":"donorlink-api"}
2026-05-15 21:19:40 [error]: Redis connection error: {"service":"donorlink-api"}
2026-05-15 21:19:40 [warn]: Redis reconnecting... {"service":"donorlink-api"}
2026-05-15 21:19:40 [error]: Redis connection error: {"service":"donorlink-api"}
2026-05-15 21:19:40 [warn]: Redis reconnecting... {"service":"donorlink-api"}
2026-05-15 21:19:40 [error]: Redis connection error: {"service":"donorlink-api"}
2026-05-15 21:19:40 [warn]: Redis reconnecting... {"service":"donorlink-api"}
2026-05-15 21:19:41 [error]: Redis connection error: {"service":"donorlink-api"}
2026-05-15 21:19:41 [warn]: Redis reconnecting... {"service":"donorlink-api"}
2026-05-15 21:19:42 [error]: Redis connection error: {"service":"donorlink-api"}
2026-05-15 21:19:42 [warn]: Redis reconnecting... {"service":"donorlink-api"}
2026-05-15 21:19:43 [error]: Redis connection error: {"service":"donorlink-api"}
2026-05-15 21:19:43 [warn]: Redis reconnecting... {"service":"donorlink-api"}
2026-05-15 21:19:44 [error]: Redis connection error: {"service":"donorlink-api"}
2026-05-15 21:19:44 [warn]: Redis reconnecting... {"service":"donorlink-api"}
2026-05-15 21:19:45 [error]: Redis connection error: {"service":"donorlink-api"}
2026-05-15 21:19:45 [warn]: Redis reconnecting... {"service":"donorlink-api"}
2026-05-15 21:19:47 [error]: Redis connection error: {"service":"donorlink-api"}
2026-05-15 21:19:47 [warn]: Redis reconnecting... {"service":"donorlink-api"}
2026-05-15 21:19:49 [error]: Redis connection error: {"service":"donorlink-api"}
2026-05-15 21:19:49 [warn]: Redis reconnecting... {"service":"donorlink-api"}
2026-05-15 21:19:51 [error]: Redis connection error: {"service":"donorlink-api"}
2026-05-15 21:19:51 [error]: ❌ Redis: max retries reached {"service":"donorlink-api"}
2026-05-15 21:22:39 [info]: 🚀 Starting DonorLink API Server... {"service":"donorlink-api"}
2026-05-15 21:22:39 [info]: 🗄️  Connecting to MongoDB (attempt 1/5)... {"service":"donorlink-api"}
2026-05-15 21:22:43 [info]: 🚀 Starting DonorLink API Server... {"service":"donorlink-api"}
2026-05-15 21:22:43 [info]: 🗄️  Connecting to MongoDB (attempt 1/5)... {"service":"donorlink-api"}
2026-05-15 21:22:44 [info]: ✅ MongoDB connected successfully {"service":"donorlink-api"}
2026-05-15 21:22:44 [info]: 📡 Registering domain event handlers... {"service":"donorlink-api"}
2026-05-15 21:22:44 [debug]: Event handler registered for: blood_unit_created {"service":"donorlink-api"}
2026-05-15 21:22:44 [debug]: Event handler registered for: blood_unit_expired {"service":"donorlink-api"}
2026-05-15 21:22:44 [debug]: Event handler registered for: blood_unit_used {"service":"donorlink-api"}
2026-05-15 21:22:44 [debug]: Event handler registered for: emergency_declared {"service":"donorlink-api"}
2026-05-15 21:22:44 [debug]: Event handler registered for: transfer_requested {"service":"donorlink-api"}
2026-05-15 21:22:44 [debug]: Event handler registered for: transfer_completed {"service":"donorlink-api"}
2026-05-15 21:22:44 [debug]: Event handler registered for: shortage_detected {"service":"donorlink-api"}
2026-05-15 21:22:44 [debug]: Event handler registered for: user_created {"service":"donorlink-api"}
2026-05-15 21:22:44 [info]: ✅ Domain event handlers registered {"service":"donorlink-api"}
2026-05-15 21:22:44 [info]: ⏰ Initializing job scheduler... {"service":"donorlink-api"}
2026-05-15 21:22:44 [info]: ✅ Job scheduler initialized {"service":"donorlink-api"}
2026-05-15 21:22:44 [info]: ✅ DonorLink API running on port 5000 {"service":"donorlink-api"}
2026-05-15 21:22:44 [info]: 📡 Environment: development {"service":"donorlink-api"}
2026-05-15 21:22:44 [info]: 🔗 Health: http://localhost:5000/api/v1/health {"service":"donorlink-api"}
2026-05-15 21:22:44 [error]: Redis connection error: {"service":"donorlink-api"}
2026-05-15 21:22:44 [warn]: Redis reconnecting... {"service":"donorlink-api"}
2026-05-15 21:22:44 [error]: Redis connection error: {"service":"donorlink-api"}
2026-05-15 21:22:44 [warn]: Redis reconnecting... {"service":"donorlink-api"}
2026-05-15 21:22:45 [error]: Redis connection error: {"service":"donorlink-api"}
2026-05-15 21:22:45 [warn]: Redis reconnecting... {"service":"donorlink-api"}
2026-05-15 21:22:45 [error]: Redis connection error: {"service":"donorlink-api"}
2026-05-15 21:22:45 [warn]: Redis reconnecting... {"service":"donorlink-api"}
2026-05-15 21:22:46 [error]: Redis connection error: {"service":"donorlink-api"}
2026-05-15 21:22:46 [warn]: Redis reconnecting... {"service":"donorlink-api"}
2026-05-15 21:22:47 [info]: ✅ MongoDB connected successfully {"service":"donorlink-api"}
2026-05-15 21:22:47 [error]: Redis connection error: {"service":"donorlink-api"}
2026-05-15 21:22:47 [warn]: Redis reconnecting... {"service":"donorlink-api"}
2026-05-15 21:22:48 [error]: Redis connection error: {"service":"donorlink-api"}
2026-05-15 21:22:48 [warn]: Redis reconnecting... {"service":"donorlink-api"}
2026-05-15 21:22:50 [error]: Redis connection error: {"service":"donorlink-api"}
2026-05-15 21:22:50 [warn]: Redis reconnecting... {"service":"donorlink-api"}
2026-05-15 21:22:52 [error]: Redis connection error: {"service":"donorlink-api"}
2026-05-15 21:22:52 [warn]: Redis reconnecting... {"service":"donorlink-api"}
2026-05-15 21:22:53 [error]: Redis connection error: {"service":"donorlink-api"}
2026-05-15 21:22:53 [warn]: Redis reconnecting... {"service":"donorlink-api"}
2026-05-15 21:22:55 [error]: Redis connection error: {"service":"donorlink-api"}
2026-05-15 21:22:55 [error]: ❌ Redis: max retries reached {"service":"donorlink-api"}
2026-05-15 21:27:55 [info]: 🚀 Starting DonorLink API Server... {"service":"donorlink-api"}
2026-05-15 21:27:55 [info]: 🗄️  Connecting to MongoDB (attempt 1/5)... {"service":"donorlink-api"}
2026-05-15 21:28:02 [info]: ✅ MongoDB connected successfully {"service":"donorlink-api"}
2026-05-15 21:28:02 [info]: 📡 Registering domain event handlers... {"service":"donorlink-api"}
2026-05-15 21:28:02 [debug]: Event handler registered for: blood_unit_created {"service":"donorlink-api"}
2026-05-15 21:28:02 [debug]: Event handler registered for: blood_unit_expired {"service":"donorlink-api"}
2026-05-15 21:28:02 [debug]: Event handler registered for: blood_unit_used {"service":"donorlink-api"}
2026-05-15 21:28:02 [debug]: Event handler registered for: emergency_declared {"service":"donorlink-api"}
2026-05-15 21:28:02 [debug]: Event handler registered for: transfer_requested {"service":"donorlink-api"}
2026-05-15 21:28:02 [debug]: Event handler registered for: transfer_completed {"service":"donorlink-api"}
2026-05-15 21:28:02 [debug]: Event handler registered for: shortage_detected {"service":"donorlink-api"}
2026-05-15 21:28:02 [debug]: Event handler registered for: user_created {"service":"donorlink-api"}
2026-05-15 21:28:02 [info]: ✅ Domain event handlers registered {"service":"donorlink-api"}
2026-05-15 21:28:02 [info]: ⏰ Initializing job scheduler... {"service":"donorlink-api"}
2026-05-15 21:28:02 [info]: ✅ Job scheduler initialized {"service":"donorlink-api"}
2026-05-15 21:28:02 [info]: ✅ DonorLink API running on port 5000 {"service":"donorlink-api"}
2026-05-15 21:28:02 [info]: 📡 Environment: development {"service":"donorlink-api"}
2026-05-15 21:28:02 [info]: 🔗 Health: http://localhost:5000/api/v1/health {"service":"donorlink-api"}
2026-05-15 21:28:02 [error]: Redis connection error: {"service":"donorlink-api"}
2026-05-15 21:28:02 [warn]: Redis reconnecting... {"service":"donorlink-api"}
2026-05-15 21:28:02 [error]: Redis connection error: {"service":"donorlink-api"}
2026-05-15 21:28:02 [warn]: Redis reconnecting... {"service":"donorlink-api"}
2026-05-15 21:28:03 [error]: Redis connection error: {"service":"donorlink-api"}
2026-05-15 21:28:03 [warn]: Redis reconnecting... {"service":"donorlink-api"}
2026-05-15 21:28:03 [error]: Redis connection error: {"service":"donorlink-api"}
2026-05-15 21:28:03 [warn]: Redis reconnecting... {"service":"donorlink-api"}
2026-05-15 21:28:04 [error]: Redis connection error: {"service":"donorlink-api"}
2026-05-15 21:28:04 [warn]: Redis reconnecting... {"service":"donorlink-api"}
2026-05-15 21:28:05 [error]: Redis connection error: {"service":"donorlink-api"}
2026-05-15 21:28:05 [warn]: Redis reconnecting... {"service":"donorlink-api"}
2026-05-15 21:28:06 [error]: Redis connection error: {"service":"donorlink-api"}
2026-05-15 21:28:06 [warn]: Redis reconnecting... {"service":"donorlink-api"}
2026-05-15 21:28:08 [error]: Redis connection error: {"service":"donorlink-api"}
2026-05-15 21:28:08 [warn]: Redis reconnecting... {"service":"donorlink-api"}
2026-05-15 21:28:09 [error]: Redis connection error: {"service":"donorlink-api"}
2026-05-15 21:28:09 [warn]: Redis reconnecting... {"service":"donorlink-api"}
2026-05-15 21:28:11 [error]: Redis connection error: {"service":"donorlink-api"}
2026-05-15 21:28:11 [warn]: Redis reconnecting... {"service":"donorlink-api"}
2026-05-15 21:28:13 [error]: Redis connection error: {"service":"donorlink-api"}
2026-05-15 21:28:13 [error]: ❌ Redis: max retries reached {"service":"donorlink-api"}
2026-05-15 21:28:21 [info]: 🚀 Starting DonorLink API Server... {"service":"donorlink-api"}
2026-05-15 21:28:21 [info]: 🗄️  Connecting to MongoDB (attempt 1/5)... {"service":"donorlink-api"}
2026-05-15 21:28:21 [info]: 🚀 Starting DonorLink API Server... {"service":"donorlink-api"}
2026-05-15 21:28:22 [info]: 🗄️  Connecting to MongoDB (attempt 1/5)... {"service":"donorlink-api"}
2026-05-15 21:28:24 [info]: ✅ MongoDB connected successfully {"service":"donorlink-api"}
2026-05-15 21:28:24 [info]: 📡 Registering domain event handlers... {"service":"donorlink-api"}
2026-05-15 21:28:24 [debug]: Event handler registered for: blood_unit_created {"service":"donorlink-api"}
2026-05-15 21:28:24 [debug]: Event handler registered for: blood_unit_expired {"service":"donorlink-api"}
2026-05-15 21:28:24 [debug]: Event handler registered for: blood_unit_used {"service":"donorlink-api"}
2026-05-15 21:28:24 [debug]: Event handler registered for: emergency_declared {"service":"donorlink-api"}
2026-05-15 21:28:24 [debug]: Event handler registered for: transfer_requested {"service":"donorlink-api"}
2026-05-15 21:28:24 [debug]: Event handler registered for: transfer_completed {"service":"donorlink-api"}
2026-05-15 21:28:24 [debug]: Event handler registered for: shortage_detected {"service":"donorlink-api"}
2026-05-15 21:28:24 [debug]: Event handler registered for: user_created {"service":"donorlink-api"}
2026-05-15 21:28:24 [info]: ✅ Domain event handlers registered {"service":"donorlink-api"}
2026-05-15 21:28:24 [info]: ⏰ Initializing job scheduler... {"service":"donorlink-api"}
2026-05-15 21:28:24 [info]: ✅ Job scheduler initialized {"service":"donorlink-api"}
2026-05-15 21:28:24 [info]: ✅ DonorLink API running on port 5000 {"service":"donorlink-api"}
2026-05-15 21:28:24 [info]: 📡 Environment: development {"service":"donorlink-api"}
2026-05-15 21:28:24 [info]: 🔗 Health: http://localhost:5000/api/v1/health {"service":"donorlink-api"}
2026-05-15 21:28:24 [error]: Redis connection error: {"service":"donorlink-api"}
2026-05-15 21:28:24 [warn]: Redis reconnecting... {"service":"donorlink-api"}
2026-05-15 21:28:24 [info]: ✅ MongoDB connected successfully {"service":"donorlink-api"}
2026-05-15 21:28:24 [error]: Redis connection error: {"service":"donorlink-api"}
2026-05-15 21:28:24 [warn]: Redis reconnecting... {"service":"donorlink-api"}
2026-05-15 21:28:25 [error]: Redis connection error: {"service":"donorlink-api"}
2026-05-15 21:28:25 [warn]: Redis reconnecting... {"service":"donorlink-api"}
2026-05-15 21:28:25 [error]: Redis connection error: {"service":"donorlink-api"}
2026-05-15 21:28:25 [warn]: Redis reconnecting... {"service":"donorlink-api"}
2026-05-15 21:28:26 [error]: Redis connection error: {"service":"donorlink-api"}
2026-05-15 21:28:26 [warn]: Redis reconnecting... {"service":"donorlink-api"}
2026-05-15 21:28:27 [error]: Redis connection error: {"service":"donorlink-api"}
2026-05-15 21:28:27 [warn]: Redis reconnecting... {"service":"donorlink-api"}
2026-05-15 21:28:28 [error]: Redis connection error: {"service":"donorlink-api"}
2026-05-15 21:28:28 [warn]: Redis reconnecting... {"service":"donorlink-api"}
2026-05-15 21:28:33 [info]: 🚀 Starting DonorLink API Server... {"service":"donorlink-api"}
2026-05-15 21:28:33 [info]: 🗄️  Connecting to MongoDB (attempt 1/5)... {"service":"donorlink-api"}
2026-05-15 21:28:33 [info]: 🚀 Starting DonorLink API Server... {"service":"donorlink-api"}
2026-05-15 21:28:33 [info]: 🗄️  Connecting to MongoDB (attempt 1/5)... {"service":"donorlink-api"}
2026-05-15 21:28:37 [info]: ✅ MongoDB connected successfully {"service":"donorlink-api"}
2026-05-15 21:28:37 [info]: ✅ MongoDB connected successfully {"service":"donorlink-api"}
2026-05-15 21:28:37 [info]: 📡 Registering domain event handlers... {"service":"donorlink-api"}
2026-05-15 21:28:37 [debug]: Event handler registered for: blood_unit_created {"service":"donorlink-api"}
2026-05-15 21:28:37 [debug]: Event handler registered for: blood_unit_expired {"service":"donorlink-api"}
2026-05-15 21:28:37 [debug]: Event handler registered for: blood_unit_used {"service":"donorlink-api"}
2026-05-15 21:28:37 [debug]: Event handler registered for: emergency_declared {"service":"donorlink-api"}
2026-05-15 21:28:37 [debug]: Event handler registered for: transfer_requested {"service":"donorlink-api"}
2026-05-15 21:28:37 [debug]: Event handler registered for: transfer_completed {"service":"donorlink-api"}
2026-05-15 21:28:37 [debug]: Event handler registered for: shortage_detected {"service":"donorlink-api"}
2026-05-15 21:28:37 [debug]: Event handler registered for: user_created {"service":"donorlink-api"}
2026-05-15 21:28:37 [info]: ✅ Domain event handlers registered {"service":"donorlink-api"}
2026-05-15 21:28:37 [info]: ⏰ Initializing job scheduler... {"service":"donorlink-api"}
2026-05-15 21:28:37 [info]: ✅ Job scheduler initialized {"service":"donorlink-api"}
2026-05-15 21:28:37 [info]: ✅ DonorLink API running on port 5000 {"service":"donorlink-api"}
2026-05-15 21:28:37 [info]: 📡 Environment: development {"service":"donorlink-api"}
2026-05-15 21:28:37 [info]: 🔗 Health: http://localhost:5000/api/v1/health {"service":"donorlink-api"}
2026-05-15 21:28:37 [error]: Redis connection error: {"service":"donorlink-api"}
2026-05-15 21:28:37 [warn]: Redis reconnecting... {"service":"donorlink-api"}
2026-05-15 21:28:37 [error]: Redis connection error: {"service":"donorlink-api"}
2026-05-15 21:28:37 [warn]: Redis reconnecting... {"service":"donorlink-api"}
2026-05-15 21:28:37 [error]: Redis connection error: {"service":"donorlink-api"}
2026-05-15 21:28:37 [warn]: Redis reconnecting... {"service":"donorlink-api"}
2026-05-15 21:28:51 [info]: 🚀 Starting DonorLink API Server... {"service":"donorlink-api"}
2026-05-15 21:28:51 [info]: 🗄️  Connecting to MongoDB (attempt 1/5)... {"service":"donorlink-api"}
2026-05-15 21:28:51 [info]: 🚀 Starting DonorLink API Server... {"service":"donorlink-api"}
2026-05-15 21:28:51 [info]: 🗄️  Connecting to MongoDB (attempt 1/5)... {"service":"donorlink-api"}
2026-05-15 21:28:53 [info]: ✅ MongoDB connected successfully {"service":"donorlink-api"}
2026-05-15 21:28:53 [info]: ✅ MongoDB connected successfully {"service":"donorlink-api"}
2026-05-15 21:28:53 [info]: 📡 Registering domain event handlers... {"service":"donorlink-api"}
2026-05-15 21:28:53 [debug]: Event handler registered for: blood_unit_created {"service":"donorlink-api"}
2026-05-15 21:28:53 [debug]: Event handler registered for: blood_unit_expired {"service":"donorlink-api"}
2026-05-15 21:28:53 [debug]: Event handler registered for: blood_unit_used {"service":"donorlink-api"}
2026-05-15 21:28:53 [debug]: Event handler registered for: emergency_declared {"service":"donorlink-api"}
2026-05-15 21:28:53 [debug]: Event handler registered for: transfer_requested {"service":"donorlink-api"}
2026-05-15 21:28:53 [debug]: Event handler registered for: transfer_completed {"service":"donorlink-api"}
2026-05-15 21:28:53 [debug]: Event handler registered for: shortage_detected {"service":"donorlink-api"}
2026-05-15 21:28:53 [debug]: Event handler registered for: user_created {"service":"donorlink-api"}
2026-05-15 21:28:53 [info]: ✅ Domain event handlers registered {"service":"donorlink-api"}
2026-05-15 21:28:53 [info]: ⏰ Initializing job scheduler... {"service":"donorlink-api"}
2026-05-15 21:28:53 [info]: ✅ Job scheduler initialized {"service":"donorlink-api"}
2026-05-15 21:28:53 [info]: ✅ DonorLink API running on port 5000 {"service":"donorlink-api"}
2026-05-15 21:28:53 [info]: 📡 Environment: development {"service":"donorlink-api"}
2026-05-15 21:28:53 [info]: 🔗 Health: http://localhost:5000/api/v1/health {"service":"donorlink-api"}
2026-05-15 21:28:53 [error]: Redis connection error: {"service":"donorlink-api"}
2026-05-15 21:28:53 [warn]: Redis reconnecting... {"service":"donorlink-api"}
2026-05-15 21:28:53 [error]: Redis connection error: {"service":"donorlink-api"}
2026-05-15 21:28:53 [warn]: Redis reconnecting... {"service":"donorlink-api"}
2026-05-15 21:28:54 [error]: Redis connection error: {"service":"donorlink-api"}
2026-05-15 21:28:54 [warn]: Redis reconnecting... {"service":"donorlink-api"}
2026-05-15 21:28:54 [error]: Redis connection error: {"service":"donorlink-api"}
2026-05-15 21:28:54 [warn]: Redis reconnecting... {"service":"donorlink-api"}
2026-05-15 21:28:55 [error]: Redis connection error: {"service":"donorlink-api"}
2026-05-15 21:28:55 [warn]: Redis reconnecting... {"service":"donorlink-api"}
2026-05-15 21:28:56 [error]: Redis connection error: {"service":"donorlink-api"}
2026-05-15 21:28:56 [warn]: Redis reconnecting... {"service":"donorlink-api"}
2026-05-15 21:28:57 [error]: Redis connection error: {"service":"donorlink-api"}
2026-05-15 21:28:57 [warn]: Redis reconnecting... {"service":"donorlink-api"}
2026-05-15 21:28:59 [error]: Redis connection error: {"service":"donorlink-api"}
2026-05-15 21:28:59 [warn]: Redis reconnecting... {"service":"donorlink-api"}
2026-05-15 21:29:00 [error]: Redis connection error: {"service":"donorlink-api"}
2026-05-15 21:29:00 [warn]: Redis reconnecting... {"service":"donorlink-api"}
2026-05-15 21:29:02 [error]: Redis connection error: {"service":"donorlink-api"}
2026-05-15 21:29:02 [warn]: Redis reconnecting... {"service":"donorlink-api"}
2026-05-15 21:29:04 [error]: Redis connection error: {"service":"donorlink-api"}
2026-05-15 21:29:04 [error]: ❌ Redis: max retries reached {"service":"donorlink-api"}
2026-05-15 21:29:36 [info]: 🚀 Starting DonorLink API Server... {"service":"donorlink-api"}
2026-05-15 21:29:36 [info]: 🗄️  Connecting to MongoDB (attempt 1/5)... {"service":"donorlink-api"}
2026-05-15 21:29:37 [info]: 🚀 Starting DonorLink API Server... {"service":"donorlink-api"}
2026-05-15 21:29:37 [info]: 🗄️  Connecting to MongoDB (attempt 1/5)... {"service":"donorlink-api"}
2026-05-15 21:29:46 [info]: 🚀 Starting DonorLink API Server... {"service":"donorlink-api"}
2026-05-15 21:29:46 [info]: 🗄️  Connecting to MongoDB (attempt 1/5)... {"service":"donorlink-api"}
2026-05-15 21:29:46 [info]: 🚀 Starting DonorLink API Server... {"service":"donorlink-api"}
2026-05-15 21:29:46 [info]: 🗄️  Connecting to MongoDB (attempt 1/5)... {"service":"donorlink-api"}
2026-05-15 21:29:49 [info]: ✅ MongoDB connected successfully {"service":"donorlink-api"}
2026-05-15 21:29:49 [info]: 📡 Registering domain event handlers... {"service":"donorlink-api"}
2026-05-15 21:29:49 [debug]: Event handler registered for: blood_unit_created {"service":"donorlink-api"}
2026-05-15 21:29:49 [debug]: Event handler registered for: blood_unit_expired {"service":"donorlink-api"}
2026-05-15 21:29:49 [debug]: Event handler registered for: blood_unit_used {"service":"donorlink-api"}
2026-05-15 21:29:49 [debug]: Event handler registered for: emergency_declared {"service":"donorlink-api"}
2026-05-15 21:29:49 [debug]: Event handler registered for: transfer_requested {"service":"donorlink-api"}
2026-05-15 21:29:49 [debug]: Event handler registered for: transfer_completed {"service":"donorlink-api"}
2026-05-15 21:29:49 [debug]: Event handler registered for: shortage_detected {"service":"donorlink-api"}
2026-05-15 21:29:49 [debug]: Event handler registered for: user_created {"service":"donorlink-api"}
2026-05-15 21:29:49 [info]: ✅ Domain event handlers registered {"service":"donorlink-api"}
2026-05-15 21:29:49 [info]: ⏰ Initializing job scheduler... {"service":"donorlink-api"}
2026-05-15 21:29:49 [info]: ✅ Job scheduler initialized {"service":"donorlink-api"}
2026-05-15 21:29:49 [info]: ✅ DonorLink API running on port 5000 {"service":"donorlink-api"}
2026-05-15 21:29:49 [info]: 📡 Environment: development {"service":"donorlink-api"}
2026-05-15 21:29:49 [info]: 🔗 Health: http://localhost:5000/api/v1/health {"service":"donorlink-api"}
2026-05-15 21:29:49 [error]: Redis connection error: {"service":"donorlink-api"}
2026-05-15 21:29:49 [warn]: Redis reconnecting... {"service":"donorlink-api"}
2026-05-15 21:29:49 [error]: Redis connection error: {"service":"donorlink-api"}
2026-05-15 21:29:49 [warn]: Redis reconnecting... {"service":"donorlink-api"}
2026-05-15 21:29:49 [error]: Redis connection error: {"service":"donorlink-api"}
2026-05-15 21:29:49 [warn]: Redis reconnecting... {"service":"donorlink-api"}
2026-05-15 21:29:50 [error]: Redis connection error: {"service":"donorlink-api"}
2026-05-15 21:29:50 [warn]: Redis reconnecting... {"service":"donorlink-api"}
2026-05-15 21:29:50 [info]: ✅ MongoDB connected successfully {"service":"donorlink-api"}
2026-05-15 21:29:51 [error]: Redis connection error: {"service":"donorlink-api"}
2026-05-15 21:29:51 [warn]: Redis reconnecting... {"service":"donorlink-api"}
2026-05-15 21:29:52 [error]: Redis connection error: {"service":"donorlink-api"}
2026-05-15 21:29:52 [warn]: Redis reconnecting... {"service":"donorlink-api"}
2026-05-15 21:29:53 [error]: Redis connection error: {"service":"donorlink-api"}
2026-05-15 21:29:53 [warn]: Redis reconnecting... {"service":"donorlink-api"}
2026-05-15 21:29:54 [error]: Redis connection error: {"service":"donorlink-api"}
2026-05-15 21:29:54 [warn]: Redis reconnecting... {"service":"donorlink-api"}
2026-05-15 21:29:56 [error]: Redis connection error: {"service":"donorlink-api"}
2026-05-15 21:29:56 [warn]: Redis reconnecting... {"service":"donorlink-api"}
2026-05-15 21:29:58 [error]: Redis connection error: {"service":"donorlink-api"}
2026-05-15 21:29:58 [warn]: Redis reconnecting... {"service":"donorlink-api"}
2026-05-15 21:30:00 [error]: Redis connection error: {"service":"donorlink-api"}
2026-05-15 21:30:00 [error]: ❌ Redis: max retries reached {"service":"donorlink-api"}
2026-05-15 21:38:18 [info]: 🚀 Starting DonorLink API Server... {"service":"donorlink-api"}
2026-05-15 21:38:18 [info]: 🗄️  Connecting to MongoDB (attempt 1/5)... {"service":"donorlink-api"}
2026-05-15 21:38:21 [info]: ✅ MongoDB connected successfully {"service":"donorlink-api"}
2026-05-15 21:38:21 [info]: 📡 Registering domain event handlers... {"service":"donorlink-api"}
2026-05-15 21:38:21 [debug]: Event handler registered for: blood_unit_created {"service":"donorlink-api"}
2026-05-15 21:38:21 [debug]: Event handler registered for: blood_unit_expired {"service":"donorlink-api"}
2026-05-15 21:38:21 [debug]: Event handler registered for: blood_unit_used {"service":"donorlink-api"}
2026-05-15 21:38:21 [debug]: Event handler registered for: emergency_declared {"service":"donorlink-api"}
2026-05-15 21:38:21 [debug]: Event handler registered for: transfer_requested {"service":"donorlink-api"}
2026-05-15 21:38:21 [debug]: Event handler registered for: transfer_completed {"service":"donorlink-api"}
2026-05-15 21:38:21 [debug]: Event handler registered for: shortage_detected {"service":"donorlink-api"}
2026-05-15 21:38:21 [debug]: Event handler registered for: user_created {"service":"donorlink-api"}
2026-05-15 21:38:21 [info]: ✅ Domain event handlers registered {"service":"donorlink-api"}
2026-05-15 21:38:21 [info]: ⏰ Initializing job scheduler... {"service":"donorlink-api"}
2026-05-15 21:38:21 [info]: ✅ Job scheduler initialized {"service":"donorlink-api"}
2026-05-15 21:38:21 [info]: ✅ DonorLink API running on port 5000 {"service":"donorlink-api"}
2026-05-15 21:38:21 [info]: 📡 Environment: development {"service":"donorlink-api"}
2026-05-15 21:38:21 [info]: 🔗 Health: http://localhost:5000/api/v1/health {"service":"donorlink-api"}
2026-05-15 21:38:21 [error]: Redis connection error: {"service":"donorlink-api"}
2026-05-15 21:38:21 [warn]: Redis reconnecting... {"service":"donorlink-api"}
2026-05-15 21:38:21 [error]: Redis connection error: {"service":"donorlink-api"}
2026-05-15 21:38:21 [warn]: Redis reconnecting... {"service":"donorlink-api"}
2026-05-15 21:38:22 [error]: Redis connection error: {"service":"donorlink-api"}
2026-05-15 21:38:22 [warn]: Redis reconnecting... {"service":"donorlink-api"}
2026-05-15 21:38:22 [error]: Redis connection error: {"service":"donorlink-api"}
2026-05-15 21:38:22 [warn]: Redis reconnecting... {"service":"donorlink-api"}
2026-05-15 21:38:23 [error]: Redis connection error: {"service":"donorlink-api"}
2026-05-15 21:38:23 [warn]: Redis reconnecting... {"service":"donorlink-api"}
2026-05-15 21:38:24 [error]: Redis connection error: {"service":"donorlink-api"}
2026-05-15 21:38:24 [warn]: Redis reconnecting... {"service":"donorlink-api"}
2026-05-15 21:38:25 [error]: Redis connection error: {"service":"donorlink-api"}
2026-05-15 21:38:25 [warn]: Redis reconnecting... {"service":"donorlink-api"}
2026-05-15 21:38:27 [error]: Redis connection error: {"service":"donorlink-api"}
2026-05-15 21:38:27 [warn]: Redis reconnecting... {"service":"donorlink-api"}
2026-05-15 21:38:28 [error]: Redis connection error: {"service":"donorlink-api"}
2026-05-15 21:38:28 [warn]: Redis reconnecting... {"service":"donorlink-api"}
2026-05-15 21:38:30 [error]: Redis connection error: {"service":"donorlink-api"}
2026-05-15 21:38:30 [warn]: Redis reconnecting... {"service":"donorlink-api"}
2026-05-15 21:38:32 [error]: Redis connection error: {"service":"donorlink-api"}
2026-05-15 21:38:32 [error]: ❌ Redis: max retries reached {"service":"donorlink-api"}
2026-05-15 21:50:20 [info]: 🚀 Starting DonorLink API Server... {"service":"donorlink-api"}
2026-05-15 21:50:20 [info]: 🗄️  Connecting to MongoDB (attempt 1/5)... {"service":"donorlink-api"}
2026-05-15 21:50:24 [info]: ✅ MongoDB connected successfully {"service":"donorlink-api"}
2026-05-15 21:50:35 [info]: 🚀 Starting DonorLink API Server... {"service":"donorlink-api"}
2026-05-15 21:50:35 [info]: 🗄️  Connecting to MongoDB (attempt 1/5)... {"service":"donorlink-api"}
2026-05-15 21:50:37 [info]: ✅ MongoDB connected successfully {"service":"donorlink-api"}
2026-05-15 21:50:37 [info]: 📡 Registering domain event handlers... {"service":"donorlink-api"}
2026-05-15 21:50:37 [debug]: Event handler registered for: blood_unit_created {"service":"donorlink-api"}
2026-05-15 21:50:37 [debug]: Event handler registered for: blood_unit_expired {"service":"donorlink-api"}
2026-05-15 21:50:37 [debug]: Event handler registered for: blood_unit_used {"service":"donorlink-api"}
2026-05-15 21:50:37 [debug]: Event handler registered for: emergency_declared {"service":"donorlink-api"}
2026-05-15 21:50:37 [debug]: Event handler registered for: transfer_requested {"service":"donorlink-api"}
2026-05-15 21:50:37 [debug]: Event handler registered for: transfer_completed {"service":"donorlink-api"}
2026-05-15 21:50:37 [debug]: Event handler registered for: shortage_detected {"service":"donorlink-api"}
2026-05-15 21:50:37 [debug]: Event handler registered for: user_created {"service":"donorlink-api"}
2026-05-15 21:50:37 [info]: ✅ Domain event handlers registered {"service":"donorlink-api"}
2026-05-15 21:50:37 [info]: ⏰ Initializing job scheduler... {"service":"donorlink-api"}
2026-05-15 21:50:37 [info]: ✅ Job scheduler initialized {"service":"donorlink-api"}
2026-05-15 21:50:37 [info]: ✅ DonorLink API running on port 5000 {"service":"donorlink-api"}
2026-05-15 21:50:37 [info]: 📡 Environment: development {"service":"donorlink-api"}
2026-05-15 21:50:37 [info]: 🔗 Health: http://localhost:5000/api/v1/health {"service":"donorlink-api"}
2026-05-15 21:51:25 [info]: 🚀 Starting DonorLink API Server... {"service":"donorlink-api"}
2026-05-15 21:51:25 [info]: 🗄️  Connecting to MongoDB (attempt 1/5)... {"service":"donorlink-api"}
2026-05-15 21:51:29 [info]: ✅ MongoDB connected successfully {"service":"donorlink-api"}
2026-05-15 21:51:29 [info]: 📡 Registering domain event handlers... {"service":"donorlink-api"}
2026-05-15 21:51:29 [debug]: Event handler registered for: blood_unit_created {"service":"donorlink-api"}
2026-05-15 21:51:29 [debug]: Event handler registered for: blood_unit_expired {"service":"donorlink-api"}
2026-05-15 21:51:29 [debug]: Event handler registered for: blood_unit_used {"service":"donorlink-api"}
2026-05-15 21:51:29 [debug]: Event handler registered for: emergency_declared {"service":"donorlink-api"}
2026-05-15 21:51:29 [debug]: Event handler registered for: transfer_requested {"service":"donorlink-api"}
2026-05-15 21:51:29 [debug]: Event handler registered for: transfer_completed {"service":"donorlink-api"}
2026-05-15 21:51:29 [debug]: Event handler registered for: shortage_detected {"service":"donorlink-api"}
2026-05-15 21:51:29 [debug]: Event handler registered for: user_created {"service":"donorlink-api"}
2026-05-15 21:51:29 [info]: ✅ Domain event handlers registered {"service":"donorlink-api"}
2026-05-15 21:51:29 [info]: ⏰ Initializing job scheduler... {"service":"donorlink-api"}
2026-05-15 21:51:29 [info]: ✅ Job scheduler initialized {"service":"donorlink-api"}
2026-05-15 21:51:29 [info]: ✅ DonorLink API running on port 5000 {"service":"donorlink-api"}
2026-05-15 21:51:29 [info]: 📡 Environment: development {"service":"donorlink-api"}
2026-05-15 21:51:29 [info]: 🔗 Health: http://localhost:5000/api/v1/health {"service":"donorlink-api"}
2026-05-15 21:52:13 [info]: 🚀 Starting DonorLink API Server... {"service":"donorlink-api"}
2026-05-15 21:52:13 [info]: 🗄️  Connecting to MongoDB (attempt 1/5)... {"service":"donorlink-api"}
2026-05-15 21:52:15 [info]: ✅ MongoDB connected successfully {"service":"donorlink-api"}
2026-05-15 21:52:15 [info]: 📡 Registering domain event handlers... {"service":"donorlink-api"}
2026-05-15 21:52:15 [debug]: Event handler registered for: blood_unit_created {"service":"donorlink-api"}
2026-05-15 21:52:15 [debug]: Event handler registered for: blood_unit_expired {"service":"donorlink-api"}
2026-05-15 21:52:15 [debug]: Event handler registered for: blood_unit_used {"service":"donorlink-api"}
2026-05-15 21:52:15 [debug]: Event handler registered for: emergency_declared {"service":"donorlink-api"}
2026-05-15 21:52:15 [debug]: Event handler registered for: transfer_requested {"service":"donorlink-api"}
2026-05-15 21:52:15 [debug]: Event handler registered for: transfer_completed {"service":"donorlink-api"}
2026-05-15 21:52:15 [debug]: Event handler registered for: shortage_detected {"service":"donorlink-api"}
2026-05-15 21:52:15 [debug]: Event handler registered for: user_created {"service":"donorlink-api"}
2026-05-15 21:52:15 [info]: ✅ Domain event handlers registered {"service":"donorlink-api"}
2026-05-15 21:52:15 [info]: ⏰ Initializing job scheduler... {"service":"donorlink-api"}
2026-05-15 21:52:15 [info]: ✅ Job scheduler initialized {"service":"donorlink-api"}
2026-05-15 21:52:15 [info]: ✅ DonorLink API running on port 5000 {"service":"donorlink-api"}
2026-05-15 21:52:15 [info]: 📡 Environment: development {"service":"donorlink-api"}
2026-05-15 21:52:15 [info]: 🔗 Health: http://localhost:5000/api/v1/health {"service":"donorlink-api"}
2026-05-15 21:52:56 [info]: ::1 GET / 404 103 - 19.420 ms {"service":"donorlink-api"}
2026-05-15 21:52:56 [info]: ::1 GET / 404 103 - 2.696 ms {"service":"donorlink-api"}
2026-05-15 21:52:58 [info]: ::1 GET /favicon.ico 404 103 - 0.821 ms {"service":"donorlink-api"}
2026-05-15 21:53:09 [info]: ::1 GET / 404 103 - 1.791 ms {"service":"donorlink-api"}
2026-05-15 21:53:10 [info]: ::1 GET / 404 103 - 1.311 ms {"service":"donorlink-api"}
2026-05-15 21:53:22 [info]: ::1 GET /api/v/health 404 103 - 1.428 ms {"service":"donorlink-api"}
2026-05-15 21:53:26 [info]: ::1 GET /api/v/health 404 103 - 0.833 ms {"service":"donorlink-api"}
2026-05-15 21:55:05 [info]: ::1 GET /api/v1/health 200 246 - 2.176 ms {"service":"donorlink-api"}
2026-05-15 22:13:33 [info]: 🗄️  Connecting to MongoDB (attempt 1/5)... {"service":"donorlink-api"}
2026-05-15 22:13:35 [info]: ✅ MongoDB connected successfully {"service":"donorlink-api"}
2026-05-15 22:13:35 [info]: 🌱 Starting database seed... {"service":"donorlink-api"}
2026-05-15 22:13:39 [error]: MongoServerError: E11000 duplicate key error collection: donorlink.hospitals index: licenseNumber_1 dup key: { licenseNumber: null }
    at InsertOneOperation.handleOk (C:\Users\yamla\Desktop\NYDev\nyProjects\DonorLink\node_modules\.pnpm\mongodb@6.20.0\node_modules\mongodb\src\operations\insert.ts:79:13)
    at tryOperation (C:\Users\yamla\Desktop\NYDev\nyProjects\DonorLink\node_modules\.pnpm\mongodb@6.20.0\node_modules\mongodb\src\operations\execute_operation.ts:290:26)
    at process.processTicksAndRejections (node:internal/process/task_queues:105:5)
    at async executeOperation (C:\Users\yamla\Desktop\NYDev\nyProjects\DonorLink\node_modules\.pnpm\mongodb@6.20.0\node_modules\mongodb\src\operations\execute_operation.ts:119:12)
    at async Collection.insertOne (C:\Users\yamla\Desktop\NYDev\nyProjects\DonorLink\node_modules\.pnpm\mongodb@6.20.0\node_modules\mongodb\src\collection.ts:294:12) {"service":"donorlink-api","errorLabelSet":{},"errorResponse":{"index":0,"code":11000,"errmsg":"E11000 duplicate key error collection: donorlink.hospitals index: licenseNumber_1 dup key: { licenseNumber: null }","keyPattern":{"licenseNumber":1},"keyValue":{"licenseNumber":null}},"index":0,"code":11000,"keyPattern":{"licenseNumber":1},"keyValue":{"licenseNumber":null}}
2026-05-15 22:13:49 [info]: 
SIGINT received. Starting graceful shutdown... {"service":"donorlink-api"}
2026-05-15 22:14:10 [info]: 🗄️  Connecting to MongoDB (attempt 1/5)... {"service":"donorlink-api"}
2026-05-15 22:14:12 [info]: ✅ MongoDB connected successfully {"service":"donorlink-api"}
2026-05-15 22:14:12 [info]: 🌱 Starting database seed... {"service":"donorlink-api"}
2026-05-15 22:14:16 [error]: MongoServerError: E11000 duplicate key error collection: donorlink.hospitals index: licenseNumber_1 dup key: { licenseNumber: null }
    at InsertOneOperation.handleOk (C:\Users\yamla\Desktop\NYDev\nyProjects\DonorLink\node_modules\.pnpm\mongodb@6.20.0\node_modules\mongodb\src\operations\insert.ts:79:13)
    at tryOperation (C:\Users\yamla\Desktop\NYDev\nyProjects\DonorLink\node_modules\.pnpm\mongodb@6.20.0\node_modules\mongodb\src\operations\execute_operation.ts:290:26)
    at process.processTicksAndRejections (node:internal/process/task_queues:105:5)
    at async executeOperation (C:\Users\yamla\Desktop\NYDev\nyProjects\DonorLink\node_modules\.pnpm\mongodb@6.20.0\node_modules\mongodb\src\operations\execute_operation.ts:119:12)
    at async Collection.insertOne (C:\Users\yamla\Desktop\NYDev\nyProjects\DonorLink\node_modules\.pnpm\mongodb@6.20.0\node_modules\mongodb\src\collection.ts:294:12) {"service":"donorlink-api","errorLabelSet":{},"errorResponse":{"index":0,"code":11000,"errmsg":"E11000 duplicate key error collection: donorlink.hospitals index: licenseNumber_1 dup key: { licenseNumber: null }","keyPattern":{"licenseNumber":1},"keyValue":{"licenseNumber":null}},"index":0,"code":11000,"keyPattern":{"licenseNumber":1},"keyValue":{"licenseNumber":null}}
2026-05-15 22:16:43 [info]: 🗄️  Connecting to MongoDB (attempt 1/5)... {"service":"donorlink-api"}
2026-05-15 22:16:46 [info]: ✅ MongoDB connected successfully {"service":"donorlink-api"}
2026-05-15 22:16:46 [info]: 🌱 Starting database seed... {"service":"donorlink-api"}
2026-05-15 22:16:47 [info]: Dropped collection: hospitals {"service":"donorlink-api"}
2026-05-15 22:16:48 [info]: Dropped collection: auditlogs {"service":"donorlink-api"}
2026-05-15 22:16:48 [info]: Dropped collection: bloodunits {"service":"donorlink-api"}
2026-05-15 22:16:48 [info]: Dropped collection: campaigns {"service":"donorlink-api"}
2026-05-15 22:16:49 [info]: Dropped collection: alerts {"service":"donorlink-api"}
2026-05-15 22:16:49 [info]: Dropped collection: transfershipments {"service":"donorlink-api"}
2026-05-15 22:16:49 [info]: Dropped collection: emergencyevents {"service":"donorlink-api"}
2026-05-15 22:16:49 [info]: Dropped collection: organizations {"service":"donorlink-api"}
2026-05-15 22:16:49 [info]: Dropped collection: inventoryledgers {"service":"donorlink-api"}
2026-05-15 22:16:50 [info]: Dropped collection: users {"service":"donorlink-api"}
2026-05-15 22:16:50 [info]: Dropped collection: notifications {"service":"donorlink-api"}
2026-05-15 22:16:50 [info]: Dropped collection: recommendations {"service":"donorlink-api"}
2026-05-15 22:16:51 [info]: Dropped collection: donors {"service":"donorlink-api"}
2026-05-15 22:16:51 [info]: Dropped collection: donations {"service":"donorlink-api"}
2026-05-15 22:16:51 [info]: Dropped collection: refreshtokens {"service":"donorlink-api"}
2026-05-15 22:16:51 [info]: Dropped collection: bloodrequests {"service":"donorlink-api"}
2026-05-15 22:16:52 [info]: Dropped collection: transferrequests {"service":"donorlink-api"}
2026-05-15 22:16:57 [info]: ✅ Seed complete:
      Organizations: 4
      Hospitals: 2
      Users: 5
      Donors: 1
      Blood Units: 32
     {"service":"donorlink-api"}
2026-05-16 00:25:48 [info]: 🚀 Starting DonorLink API Server... {"service":"donorlink-api"}
2026-05-16 00:25:48 [info]: 🗄️  Connecting to MongoDB (attempt 1/5)... {"service":"donorlink-api"}
2026-05-16 00:25:51 [info]: ✅ MongoDB connected successfully {"service":"donorlink-api"}
2026-05-16 00:25:51 [info]: 📡 Registering domain event handlers... {"service":"donorlink-api"}
2026-05-16 00:25:51 [debug]: Event handler registered for: blood_unit_created {"service":"donorlink-api"}
2026-05-16 00:25:51 [debug]: Event handler registered for: blood_unit_expired {"service":"donorlink-api"}
2026-05-16 00:25:51 [debug]: Event handler registered for: blood_unit_used {"service":"donorlink-api"}
2026-05-16 00:25:51 [debug]: Event handler registered for: emergency_declared {"service":"donorlink-api"}
2026-05-16 00:25:51 [debug]: Event handler registered for: transfer_requested {"service":"donorlink-api"}
2026-05-16 00:25:51 [debug]: Event handler registered for: transfer_completed {"service":"donorlink-api"}
2026-05-16 00:25:51 [debug]: Event handler registered for: shortage_detected {"service":"donorlink-api"}
2026-05-16 00:25:51 [debug]: Event handler registered for: user_created {"service":"donorlink-api"}
2026-05-16 00:25:51 [info]: ✅ Domain event handlers registered {"service":"donorlink-api"}
2026-05-16 00:25:51 [info]: ⏰ Initializing job scheduler... {"service":"donorlink-api"}
2026-05-16 00:25:51 [info]: ✅ Job scheduler initialized {"service":"donorlink-api"}
2026-05-16 00:25:51 [info]: ✅ DonorLink API running on port 5000 {"service":"donorlink-api"}
2026-05-16 00:25:51 [info]: 📡 Environment: development {"service":"donorlink-api"}
2026-05-16 00:25:51 [info]: 🔗 Health: http://localhost:5000/api/v1/health {"service":"donorlink-api"}
2026-05-16 00:28:49 [info]: 🚀 Starting DonorLink API Server... {"service":"donorlink-api"}
2026-05-16 00:28:49 [info]: 🗄️  Connecting to MongoDB (attempt 1/5)... {"service":"donorlink-api"}
2026-05-16 00:28:55 [info]: 🚀 Starting DonorLink API Server... {"service":"donorlink-api"}
2026-05-16 00:28:55 [info]: 🗄️  Connecting to MongoDB (attempt 1/5)... {"service":"donorlink-api"}
2026-05-16 00:29:03 [info]: ✅ MongoDB connected successfully {"service":"donorlink-api"}
2026-05-16 00:29:03 [info]: 📡 Registering domain event handlers... {"service":"donorlink-api"}
2026-05-16 00:29:03 [debug]: Event handler registered for: blood_unit_created {"service":"donorlink-api"}
2026-05-16 00:29:03 [debug]: Event handler registered for: blood_unit_expired {"service":"donorlink-api"}
2026-05-16 00:29:03 [debug]: Event handler registered for: blood_unit_used {"service":"donorlink-api"}
2026-05-16 00:29:03 [debug]: Event handler registered for: emergency_declared {"service":"donorlink-api"}
2026-05-16 00:29:03 [debug]: Event handler registered for: transfer_requested {"service":"donorlink-api"}
2026-05-16 00:29:03 [debug]: Event handler registered for: transfer_completed {"service":"donorlink-api"}
2026-05-16 00:29:03 [debug]: Event handler registered for: shortage_detected {"service":"donorlink-api"}
2026-05-16 00:29:03 [debug]: Event handler registered for: user_created {"service":"donorlink-api"}
2026-05-16 00:29:03 [info]: ✅ Domain event handlers registered {"service":"donorlink-api"}
2026-05-16 00:29:03 [info]: ⏰ Initializing job scheduler... {"service":"donorlink-api"}
2026-05-16 00:29:03 [info]: ✅ Job scheduler initialized {"service":"donorlink-api"}
2026-05-16 00:29:03 [info]: ✅ DonorLink API running on port 5000 {"service":"donorlink-api"}
2026-05-16 00:29:03 [info]: 📡 Environment: development {"service":"donorlink-api"}
2026-05-16 00:29:03 [info]: 🔗 Health: http://localhost:5000/api/v1/health {"service":"donorlink-api"}
2026-05-16 00:29:14 [info]: 🚀 Starting DonorLink API Server... {"service":"donorlink-api"}
2026-05-16 00:29:14 [info]: 🗄️  Connecting to MongoDB (attempt 1/5)... {"service":"donorlink-api"}
2026-05-16 00:29:17 [info]: ✅ MongoDB connected successfully {"service":"donorlink-api"}
2026-05-16 00:29:17 [info]: 📡 Registering domain event handlers... {"service":"donorlink-api"}
2026-05-16 00:29:17 [debug]: Event handler registered for: blood_unit_created {"service":"donorlink-api"}
2026-05-16 00:29:17 [debug]: Event handler registered for: blood_unit_expired {"service":"donorlink-api"}
2026-05-16 00:29:17 [debug]: Event handler registered for: blood_unit_used {"service":"donorlink-api"}
2026-05-16 00:29:17 [debug]: Event handler registered for: emergency_declared {"service":"donorlink-api"}
2026-05-16 00:29:17 [debug]: Event handler registered for: transfer_requested {"service":"donorlink-api"}
2026-05-16 00:29:17 [debug]: Event handler registered for: transfer_completed {"service":"donorlink-api"}
2026-05-16 00:29:17 [debug]: Event handler registered for: shortage_detected {"service":"donorlink-api"}
2026-05-16 00:29:17 [debug]: Event handler registered for: user_created {"service":"donorlink-api"}
2026-05-16 00:29:17 [info]: ✅ Domain event handlers registered {"service":"donorlink-api"}
2026-05-16 00:29:17 [info]: ⏰ Initializing job scheduler... {"service":"donorlink-api"}
2026-05-16 00:29:17 [info]: ✅ Job scheduler initialized {"service":"donorlink-api"}
2026-05-16 00:29:17 [info]: ✅ DonorLink API running on port 5000 {"service":"donorlink-api"}
2026-05-16 00:29:17 [info]: 📡 Environment: development {"service":"donorlink-api"}
2026-05-16 00:29:17 [info]: 🔗 Health: http://localhost:5000/api/v1/health {"service":"donorlink-api"}
2026-05-16 00:29:26 [debug]: Event emitted: user_login {"service":"donorlink-api","payload":"{\"userId\":\"6a07712590143f78499ded23\"}"}
2026-05-16 00:29:26 [info]: ::1 POST /api/v1/auth/login 200 791 - 3593.870 ms {"service":"donorlink-api"}
2026-05-16 00:29:50 [debug]: Event emitted: user_login {"service":"donorlink-api","payload":"{\"userId\":\"6a07712590143f78499ded23\"}"}
2026-05-16 00:29:50 [info]: ::1 POST /api/v1/auth/login 200 791 - 2106.375 ms {"service":"donorlink-api"}
2026-05-16 00:31:37 [debug]: Event emitted: user_login {"service":"donorlink-api","payload":"{\"userId\":\"6a07712590143f78499ded23\"}"}
2026-05-16 00:31:37 [info]: ::1 POST /api/v1/auth/login 200 791 - 2153.820 ms {"service":"donorlink-api"}
2026-05-16 00:50:44 [debug]: Event emitted: user_login {"service":"donorlink-api","payload":"{\"userId\":\"6a07712590143f78499ded23\"}"}
2026-05-16 00:50:44 [info]: ::1 POST /api/v1/auth/login 200 791 - 1603.061 ms {"service":"donorlink-api"}
2026-05-16 00:50:45 [info]: ::1 GET /api/v1/dashboard/national 200 397 - 250.827 ms {"service":"donorlink-api"}
2026-05-16 00:50:45 [info]: ::1 GET /api/v1/alerts?limit=5 200 176 - 385.972 ms {"service":"donorlink-api"}
2026-05-16 00:50:45 [info]: ::1 GET /api/v1/recommendations?limit=3 200 176 - 381.392 ms {"service":"donorlink-api"}
2026-05-16 00:51:10 [info]: ::1 GET /api/v1/inventory/stock-levels 200 612 - 264.284 ms {"service":"donorlink-api"}
2026-05-16 00:51:10 [info]: ::1 GET /api/v1/inventory?page=1&limit=10 200 - - 558.104 ms {"service":"donorlink-api"}
2026-05-16 00:51:30 [info]: ::1 GET /api/v1/inventory?limit=20 200 - - 526.020 ms {"service":"donorlink-api"}
2026-05-16 00:51:48 [info]: ::1 GET /api/v1/transfers 200 177 - 209.441 ms {"service":"donorlink-api"}
2026-05-16 00:51:52 [info]: ::1 GET /api/v1/transfers?status=dispatched 200 177 - 208.589 ms {"service":"donorlink-api"}
2026-05-16 00:51:56 [info]: ::1 GET /api/v1/inventory/expiring?days=7 200 95 - 205.928 ms {"service":"donorlink-api"}
2026-05-16 00:51:56 [info]: ::1 GET /api/v1/inventory/expiring?days=14 200 95 - 206.855 ms {"service":"donorlink-api"}
2026-05-16 00:51:57 [info]: ::1 GET /api/v1/inventory/expiring?days=30 200 - - 815.988 ms {"service":"donorlink-api"}
2026-05-16 00:52:02 [info]: ::1 GET /api/v1/donors?limit=20 200 787 - 2108.397 ms {"service":"donorlink-api"}
2026-05-16 00:52:08 [info]: ::1 GET /api/v1/emergency 200 177 - 255.604 ms {"service":"donorlink-api"}
2026-05-16 00:52:18 [info]: ::1 GET /api/v1/analytics/national 200 379 - 311.148 ms {"service":"donorlink-api"}
2026-05-16 00:52:18 [info]: ::1 GET /api/v1/analytics/transfers 200 125 - 485.684 ms {"service":"donorlink-api"}
2026-05-16 00:52:18 [info]: ::1 GET /api/v1/analytics/donors 200 204 - 495.878 ms {"service":"donorlink-api"}
2026-05-16 00:52:18 [info]: ::1 GET /api/v1/analytics/wastage 200 156 - 526.021 ms {"service":"donorlink-api"}
2026-05-16 00:52:22 [info]: ::1 GET /api/v1/campaigns 200 177 - 238.298 ms {"service":"donorlink-api"}
2026-05-16 00:52:28 [info]: ::1 GET /api/v1/alerts 200 177 - 988.193 ms {"service":"donorlink-api"}
2026-05-16 00:52:32 [info]: ::1 GET /api/v1/organizations 200 - - 1478.149 ms {"service":"donorlink-api"}
2026-05-16 00:52:38 [info]: ::1 GET /api/v1/users 200 - - 1020.514 ms {"service":"donorlink-api"}
2026-05-16 00:52:50 [info]: ::1 GET /api/v1/audit?page=1&limit=20 200 177 - 223.542 ms {"service":"donorlink-api"}
2026-05-16 00:53:01 [info]: ::1 GET /api/v1/dashboard/national 200 397 - 657.610 ms {"service":"donorlink-api"}
2026-05-16 00:53:01 [info]: ::1 GET /api/v1/alerts?limit=5 200 176 - 809.423 ms {"service":"donorlink-api"}
2026-05-16 00:53:01 [info]: ::1 GET /api/v1/recommendations?limit=3 200 176 - 828.661 ms {"service":"donorlink-api"}
2026-05-16 00:53:10 [info]: ::1 GET /api/v1/inventory/stock-levels 200 612 - 203.843 ms {"service":"donorlink-api"}
2026-05-16 00:53:11 [info]: ::1 GET /api/v1/inventory?page=1&limit=10 200 - - 550.947 ms {"service":"donorlink-api"}
2026-05-16 00:53:16 [info]: ::1 GET /api/v1/inventory?page=2&limit=10 200 - - 887.587 ms {"service":"donorlink-api"}
2026-05-16 00:53:19 [info]: ::1 GET /api/v1/inventory?page=3&limit=10 200 - - 892.234 ms {"service":"donorlink-api"}
2026-05-16 00:53:23 [info]: ::1 GET /api/v1/emergency 200 177 - 228.158 ms {"service":"donorlink-api"}
2026-05-16 00:53:26 [info]: ::1 GET /api/v1/donors?limit=20 200 787 - 1047.241 ms {"service":"donorlink-api"}
2026-05-16 00:53:27 [info]: ::1 GET /api/v1/transfers?status=dispatched 200 177 - 289.734 ms {"service":"donorlink-api"}
2026-05-16 00:53:29 [info]: ::1 GET /api/v1/inventory?limit=20 200 - - 995.431 ms {"service":"donorlink-api"}
2026-05-16 00:53:29 [info]: ::1 GET /api/v1/alerts 200 177 - 336.864 ms {"service":"donorlink-api"}
2026-05-16 00:53:31 [info]: ::1 GET /api/v1/organizations 200 - - 511.324 ms {"service":"donorlink-api"}
2026-05-16 00:53:33 [info]: ::1 GET /api/v1/users 200 - - 590.062 ms {"service":"donorlink-api"}
2026-05-16 00:53:35 [info]: ::1 GET /api/v1/audit?page=1&limit=20 200 177 - 347.919 ms {"service":"donorlink-api"}
2026-05-16 00:53:43 [info]: ::1 POST /api/v1/auth/logout 200 123 - 223.805 ms {"service":"donorlink-api"}
2026-05-16 00:53:43 [warn]: Operational error: Invalid or expired token {"service":"donorlink-api","code":"UNAUTHORIZED","statusCode":401}
2026-05-16 00:53:43 [info]: ::1 GET /api/v1/audit?page=1&limit=20 401 115 - 6.426 ms {"service":"donorlink-api"}
2026-05-16 00:53:55 [info]: 
SIGINT received. Starting graceful shutdown... {"service":"donorlink-api"}
2026-05-16 02:22:59 [info]: 🚀 Starting DonorLink API Server... {"service":"donorlink-api"}
2026-05-16 02:22:59 [info]: 🗄️  Connecting to MongoDB (attempt 1/5)... {"service":"donorlink-api"}
2026-05-16 02:23:06 [info]: ✅ MongoDB connected successfully {"service":"donorlink-api"}
2026-05-16 02:23:06 [info]: 📡 Registering domain event handlers... {"service":"donorlink-api"}
2026-05-16 02:23:06 [debug]: Event handler registered for: blood_unit_created {"service":"donorlink-api"}
2026-05-16 02:23:06 [debug]: Event handler registered for: blood_unit_expired {"service":"donorlink-api"}
2026-05-16 02:23:06 [debug]: Event handler registered for: blood_unit_used {"service":"donorlink-api"}
2026-05-16 02:23:06 [debug]: Event handler registered for: emergency_declared {"service":"donorlink-api"}
2026-05-16 02:23:06 [debug]: Event handler registered for: transfer_requested {"service":"donorlink-api"}
2026-05-16 02:23:06 [debug]: Event handler registered for: transfer_completed {"service":"donorlink-api"}
2026-05-16 02:23:06 [debug]: Event handler registered for: shortage_detected {"service":"donorlink-api"}
2026-05-16 02:23:06 [debug]: Event handler registered for: user_created {"service":"donorlink-api"}
2026-05-16 02:23:06 [info]: ✅ Domain event handlers registered {"service":"donorlink-api"}
2026-05-16 02:23:06 [info]: ⏰ Initializing job scheduler... {"service":"donorlink-api"}
2026-05-16 02:23:06 [info]: ✅ Job scheduler initialized {"service":"donorlink-api"}
2026-05-16 02:23:06 [info]: ✅ DonorLink API running on port 5000 {"service":"donorlink-api"}
2026-05-16 02:23:06 [info]: 📡 Environment: development {"service":"donorlink-api"}
2026-05-16 02:23:06 [info]: 🔗 Health: http://localhost:5000/api/v1/health {"service":"donorlink-api"}
2026-05-16 02:23:16 [error]: ReferenceError: AlertSeverity is not defined
    at getPublicStats (C:\Users\yamla\Desktop\NYDev\nyProjects\DonorLink\apps\api\src\modules\dashboard\controllers\dashboardController.ts:18:70)
    at Layer.handle [as handle_request] (C:\Users\yamla\Desktop\NYDev\nyProjects\DonorLink\node_modules\.pnpm\express@4.22.1\node_modules\express\lib\router\layer.js:95:5)
    at next (C:\Users\yamla\Desktop\NYDev\nyProjects\DonorLink\node_modules\.pnpm\express@4.22.1\node_modules\express\lib\router\route.js:149:13)
    at Route.dispatch (C:\Users\yamla\Desktop\NYDev\nyProjects\DonorLink\node_modules\.pnpm\express@4.22.1\node_modules\express\lib\router\route.js:119:3)
    at Layer.handle [as handle_request] (C:\Users\yamla\Desktop\NYDev\nyProjects\DonorLink\node_modules\.pnpm\express@4.22.1\node_modules\express\lib\router\layer.js:95:5)
    at C:\Users\yamla\Desktop\NYDev\nyProjects\DonorLink\node_modules\.pnpm\express@4.22.1\node_modules\express\lib\router\index.js:284:15
    at Function.process_params (C:\Users\yamla\Desktop\NYDev\nyProjects\DonorLink\node_modules\.pnpm\express@4.22.1\node_modules\express\lib\router\index.js:346:12)
    at next (C:\Users\yamla\Desktop\NYDev\nyProjects\DonorLink\node_modules\.pnpm\express@4.22.1\node_modules\express\lib\router\index.js:280:10)
    at Function.handle (C:\Users\yamla\Desktop\NYDev\nyProjects\DonorLink\node_modules\.pnpm\express@4.22.1\node_modules\express\lib\router\index.js:175:3)
    at router (C:\Users\yamla\Desktop\NYDev\nyProjects\DonorLink\node_modules\.pnpm\express@4.22.1\node_modules\express\lib\router\index.js:47:12) {"service":"donorlink-api"}
2026-05-16 02:23:16 [info]: ::1 GET /api/v1/dashboard/stats 500 121 - 19.617 ms {"service":"donorlink-api"}
2026-05-16 02:23:17 [error]: ReferenceError: AlertSeverity is not defined
    at getPublicStats (C:\Users\yamla\Desktop\NYDev\nyProjects\DonorLink\apps\api\src\modules\dashboard\controllers\dashboardController.ts:18:70)
    at Layer.handle [as handle_request] (C:\Users\yamla\Desktop\NYDev\nyProjects\DonorLink\node_modules\.pnpm\express@4.22.1\node_modules\express\lib\router\layer.js:95:5)
    at next (C:\Users\yamla\Desktop\NYDev\nyProjects\DonorLink\node_modules\.pnpm\express@4.22.1\node_modules\express\lib\router\route.js:149:13)
    at Route.dispatch (C:\Users\yamla\Desktop\NYDev\nyProjects\DonorLink\node_modules\.pnpm\express@4.22.1\node_modules\express\lib\router\route.js:119:3)
    at Layer.handle [as handle_request] (C:\Users\yamla\Desktop\NYDev\nyProjects\DonorLink\node_modules\.pnpm\express@4.22.1\node_modules\express\lib\router\layer.js:95:5)
    at C:\Users\yamla\Desktop\NYDev\nyProjects\DonorLink\node_modules\.pnpm\express@4.22.1\node_modules\express\lib\router\index.js:284:15
    at Function.process_params (C:\Users\yamla\Desktop\NYDev\nyProjects\DonorLink\node_modules\.pnpm\express@4.22.1\node_modules\express\lib\router\index.js:346:12)
    at next (C:\Users\yamla\Desktop\NYDev\nyProjects\DonorLink\node_modules\.pnpm\express@4.22.1\node_modules\express\lib\router\index.js:280:10)
    at Function.handle (C:\Users\yamla\Desktop\NYDev\nyProjects\DonorLink\node_modules\.pnpm\express@4.22.1\node_modules\express\lib\router\index.js:175:3)
    at router (C:\Users\yamla\Desktop\NYDev\nyProjects\DonorLink\node_modules\.pnpm\express@4.22.1\node_modules\express\lib\router\index.js:47:12) {"service":"donorlink-api"}
2026-05-16 02:23:17 [info]: ::1 GET /api/v1/dashboard/stats 500 121 - 4.582 ms {"service":"donorlink-api"}
2026-05-16 02:23:18 [error]: ReferenceError: AlertSeverity is not defined
    at getPublicStats (C:\Users\yamla\Desktop\NYDev\nyProjects\DonorLink\apps\api\src\modules\dashboard\controllers\dashboardController.ts:18:70)
    at Layer.handle [as handle_request] (C:\Users\yamla\Desktop\NYDev\nyProjects\DonorLink\node_modules\.pnpm\express@4.22.1\node_modules\express\lib\router\layer.js:95:5)
    at next (C:\Users\yamla\Desktop\NYDev\nyProjects\DonorLink\node_modules\.pnpm\express@4.22.1\node_modules\express\lib\router\route.js:149:13)
    at Route.dispatch (C:\Users\yamla\Desktop\NYDev\nyProjects\DonorLink\node_modules\.pnpm\express@4.22.1\node_modules\express\lib\router\route.js:119:3)
    at Layer.handle [as handle_request] (C:\Users\yamla\Desktop\NYDev\nyProjects\DonorLink\node_modules\.pnpm\express@4.22.1\node_modules\express\lib\router\layer.js:95:5)
    at C:\Users\yamla\Desktop\NYDev\nyProjects\DonorLink\node_modules\.pnpm\express@4.22.1\node_modules\express\lib\router\index.js:284:15
    at Function.process_params (C:\Users\yamla\Desktop\NYDev\nyProjects\DonorLink\node_modules\.pnpm\express@4.22.1\node_modules\express\lib\router\index.js:346:12)
    at next (C:\Users\yamla\Desktop\NYDev\nyProjects\DonorLink\node_modules\.pnpm\express@4.22.1\node_modules\express\lib\router\index.js:280:10)
    at Function.handle (C:\Users\yamla\Desktop\NYDev\nyProjects\DonorLink\node_modules\.pnpm\express@4.22.1\node_modules\express\lib\router\index.js:175:3)
    at router (C:\Users\yamla\Desktop\NYDev\nyProjects\DonorLink\node_modules\.pnpm\express@4.22.1\node_modules\express\lib\router\index.js:47:12) {"service":"donorlink-api"}
2026-05-16 02:23:18 [info]: ::1 GET /api/v1/dashboard/stats 500 121 - 3.189 ms {"service":"donorlink-api"}
2026-05-16 02:24:52 [error]: ReferenceError: AlertSeverity is not defined
    at getPublicStats (C:\Users\yamla\Desktop\NYDev\nyProjects\DonorLink\apps\api\src\modules\dashboard\controllers\dashboardController.ts:18:70)
    at Layer.handle [as handle_request] (C:\Users\yamla\Desktop\NYDev\nyProjects\DonorLink\node_modules\.pnpm\express@4.22.1\node_modules\express\lib\router\layer.js:95:5)
    at next (C:\Users\yamla\Desktop\NYDev\nyProjects\DonorLink\node_modules\.pnpm\express@4.22.1\node_modules\express\lib\router\route.js:149:13)
    at Route.dispatch (C:\Users\yamla\Desktop\NYDev\nyProjects\DonorLink\node_modules\.pnpm\express@4.22.1\node_modules\express\lib\router\route.js:119:3)
    at Layer.handle [as handle_request] (C:\Users\yamla\Desktop\NYDev\nyProjects\DonorLink\node_modules\.pnpm\express@4.22.1\node_modules\express\lib\router\layer.js:95:5)
    at C:\Users\yamla\Desktop\NYDev\nyProjects\DonorLink\node_modules\.pnpm\express@4.22.1\node_modules\express\lib\router\index.js:284:15
    at Function.process_params (C:\Users\yamla\Desktop\NYDev\nyProjects\DonorLink\node_modules\.pnpm\express@4.22.1\node_modules\express\lib\router\index.js:346:12)
    at next (C:\Users\yamla\Desktop\NYDev\nyProjects\DonorLink\node_modules\.pnpm\express@4.22.1\node_modules\express\lib\router\index.js:280:10)
    at Function.handle (C:\Users\yamla\Desktop\NYDev\nyProjects\DonorLink\node_modules\.pnpm\express@4.22.1\node_modules\express\lib\router\index.js:175:3)
    at router (C:\Users\yamla\Desktop\NYDev\nyProjects\DonorLink\node_modules\.pnpm\express@4.22.1\node_modules\express\lib\router\index.js:47:12) {"service":"donorlink-api"}
2026-05-16 02:24:52 [info]: ::1 GET /api/v1/dashboard/stats 500 121 - 2.336 ms {"service":"donorlink-api"}
2026-05-16 02:24:53 [error]: ReferenceError: AlertSeverity is not defined
    at getPublicStats (C:\Users\yamla\Desktop\NYDev\nyProjects\DonorLink\apps\api\src\modules\dashboard\controllers\dashboardController.ts:18:70)
    at Layer.handle [as handle_request] (C:\Users\yamla\Desktop\NYDev\nyProjects\DonorLink\node_modules\.pnpm\express@4.22.1\node_modules\express\lib\router\layer.js:95:5)
    at next (C:\Users\yamla\Desktop\NYDev\nyProjects\DonorLink\node_modules\.pnpm\express@4.22.1\node_modules\express\lib\router\route.js:149:13)
    at Route.dispatch (C:\Users\yamla\Desktop\NYDev\nyProjects\DonorLink\node_modules\.pnpm\express@4.22.1\node_modules\express\lib\router\route.js:119:3)
    at Layer.handle [as handle_request] (C:\Users\yamla\Desktop\NYDev\nyProjects\DonorLink\node_modules\.pnpm\express@4.22.1\node_modules\express\lib\router\layer.js:95:5)
    at C:\Users\yamla\Desktop\NYDev\nyProjects\DonorLink\node_modules\.pnpm\express@4.22.1\node_modules\express\lib\router\index.js:284:15
    at Function.process_params (C:\Users\yamla\Desktop\NYDev\nyProjects\DonorLink\node_modules\.pnpm\express@4.22.1\node_modules\express\lib\router\index.js:346:12)
    at next (C:\Users\yamla\Desktop\NYDev\nyProjects\DonorLink\node_modules\.pnpm\express@4.22.1\node_modules\express\lib\router\index.js:280:10)
    at Function.handle (C:\Users\yamla\Desktop\NYDev\nyProjects\DonorLink\node_modules\.pnpm\express@4.22.1\node_modules\express\lib\router\index.js:175:3)
    at router (C:\Users\yamla\Desktop\NYDev\nyProjects\DonorLink\node_modules\.pnpm\express@4.22.1\node_modules\express\lib\router\index.js:47:12) {"service":"donorlink-api"}
2026-05-16 02:24:53 [info]: ::1 GET /api/v1/dashboard/stats 500 121 - 2.172 ms {"service":"donorlink-api"}
2026-05-16 02:25:00 [error]: ReferenceError: AlertSeverity is not defined
    at getPublicStats (C:\Users\yamla\Desktop\NYDev\nyProjects\DonorLink\apps\api\src\modules\dashboard\controllers\dashboardController.ts:18:70)
    at Layer.handle [as handle_request] (C:\Users\yamla\Desktop\NYDev\nyProjects\DonorLink\node_modules\.pnpm\express@4.22.1\node_modules\express\lib\router\layer.js:95:5)
    at next (C:\Users\yamla\Desktop\NYDev\nyProjects\DonorLink\node_modules\.pnpm\express@4.22.1\node_modules\express\lib\router\route.js:149:13)
    at Route.dispatch (C:\Users\yamla\Desktop\NYDev\nyProjects\DonorLink\node_modules\.pnpm\express@4.22.1\node_modules\express\lib\router\route.js:119:3)
    at Layer.handle [as handle_request] (C:\Users\yamla\Desktop\NYDev\nyProjects\DonorLink\node_modules\.pnpm\express@4.22.1\node_modules\express\lib\router\layer.js:95:5)
    at C:\Users\yamla\Desktop\NYDev\nyProjects\DonorLink\node_modules\.pnpm\express@4.22.1\node_modules\express\lib\router\index.js:284:15
    at Function.process_params (C:\Users\yamla\Desktop\NYDev\nyProjects\DonorLink\node_modules\.pnpm\express@4.22.1\node_modules\express\lib\router\index.js:346:12)
    at next (C:\Users\yamla\Desktop\NYDev\nyProjects\DonorLink\node_modules\.pnpm\express@4.22.1\node_modules\express\lib\router\index.js:280:10)
    at Function.handle (C:\Users\yamla\Desktop\NYDev\nyProjects\DonorLink\node_modules\.pnpm\express@4.22.1\node_modules\express\lib\router\index.js:175:3)
    at router (C:\Users\yamla\Desktop\NYDev\nyProjects\DonorLink\node_modules\.pnpm\express@4.22.1\node_modules\express\lib\router\index.js:47:12) {"service":"donorlink-api"}
2026-05-16 02:25:00 [info]: ::1 GET /api/v1/dashboard/stats 500 121 - 5.563 ms {"service":"donorlink-api"}
2026-05-16 02:25:02 [error]: ReferenceError: AlertSeverity is not defined
    at getPublicStats (C:\Users\yamla\Desktop\NYDev\nyProjects\DonorLink\apps\api\src\modules\dashboard\controllers\dashboardController.ts:18:70)
    at Layer.handle [as handle_request] (C:\Users\yamla\Desktop\NYDev\nyProjects\DonorLink\node_modules\.pnpm\express@4.22.1\node_modules\express\lib\router\layer.js:95:5)
    at next (C:\Users\yamla\Desktop\NYDev\nyProjects\DonorLink\node_modules\.pnpm\express@4.22.1\node_modules\express\lib\router\route.js:149:13)
    at Route.dispatch (C:\Users\yamla\Desktop\NYDev\nyProjects\DonorLink\node_modules\.pnpm\express@4.22.1\node_modules\express\lib\router\route.js:119:3)
    at Layer.handle [as handle_request] (C:\Users\yamla\Desktop\NYDev\nyProjects\DonorLink\node_modules\.pnpm\express@4.22.1\node_modules\express\lib\router\layer.js:95:5)
    at C:\Users\yamla\Desktop\NYDev\nyProjects\DonorLink\node_modules\.pnpm\express@4.22.1\node_modules\express\lib\router\index.js:284:15
    at Function.process_params (C:\Users\yamla\Desktop\NYDev\nyProjects\DonorLink\node_modules\.pnpm\express@4.22.1\node_modules\express\lib\router\index.js:346:12)
    at next (C:\Users\yamla\Desktop\NYDev\nyProjects\DonorLink\node_modules\.pnpm\express@4.22.1\node_modules\express\lib\router\index.js:280:10)
    at Function.handle (C:\Users\yamla\Desktop\NYDev\nyProjects\DonorLink\node_modules\.pnpm\express@4.22.1\node_modules\express\lib\router\index.js:175:3)
    at router (C:\Users\yamla\Desktop\NYDev\nyProjects\DonorLink\node_modules\.pnpm\express@4.22.1\node_modules\express\lib\router\index.js:47:12) {"service":"donorlink-api"}
2026-05-16 02:25:02 [info]: ::1 GET /api/v1/dashboard/stats 500 121 - 2.023 ms {"service":"donorlink-api"}
2026-05-16 02:25:18 [error]: ReferenceError: AlertSeverity is not defined
    at getPublicStats (C:\Users\yamla\Desktop\NYDev\nyProjects\DonorLink\apps\api\src\modules\dashboard\controllers\dashboardController.ts:18:70)
    at Layer.handle [as handle_request] (C:\Users\yamla\Desktop\NYDev\nyProjects\DonorLink\node_modules\.pnpm\express@4.22.1\node_modules\express\lib\router\layer.js:95:5)
    at next (C:\Users\yamla\Desktop\NYDev\nyProjects\DonorLink\node_modules\.pnpm\express@4.22.1\node_modules\express\lib\router\route.js:149:13)
    at Route.dispatch (C:\Users\yamla\Desktop\NYDev\nyProjects\DonorLink\node_modules\.pnpm\express@4.22.1\node_modules\express\lib\router\route.js:119:3)
    at Layer.handle [as handle_request] (C:\Users\yamla\Desktop\NYDev\nyProjects\DonorLink\node_modules\.pnpm\express@4.22.1\node_modules\express\lib\router\layer.js:95:5)
    at C:\Users\yamla\Desktop\NYDev\nyProjects\DonorLink\node_modules\.pnpm\express@4.22.1\node_modules\express\lib\router\index.js:284:15
    at Function.process_params (C:\Users\yamla\Desktop\NYDev\nyProjects\DonorLink\node_modules\.pnpm\express@4.22.1\node_modules\express\lib\router\index.js:346:12)
    at next (C:\Users\yamla\Desktop\NYDev\nyProjects\DonorLink\node_modules\.pnpm\express@4.22.1\node_modules\express\lib\router\index.js:280:10)
    at Function.handle (C:\Users\yamla\Desktop\NYDev\nyProjects\DonorLink\node_modules\.pnpm\express@4.22.1\node_modules\express\lib\router\index.js:175:3)
    at router (C:\Users\yamla\Desktop\NYDev\nyProjects\DonorLink\node_modules\.pnpm\express@4.22.1\node_modules\express\lib\router\index.js:47:12) {"service":"donorlink-api"}
2026-05-16 02:25:18 [info]: ::1 GET /api/v1/dashboard/stats 500 121 - 8.210 ms {"service":"donorlink-api"}
2026-05-16 02:25:19 [error]: ReferenceError: AlertSeverity is not defined
    at getPublicStats (C:\Users\yamla\Desktop\NYDev\nyProjects\DonorLink\apps\api\src\modules\dashboard\controllers\dashboardController.ts:18:70)
    at Layer.handle [as handle_request] (C:\Users\yamla\Desktop\NYDev\nyProjects\DonorLink\node_modules\.pnpm\express@4.22.1\node_modules\express\lib\router\layer.js:95:5)
    at next (C:\Users\yamla\Desktop\NYDev\nyProjects\DonorLink\node_modules\.pnpm\express@4.22.1\node_modules\express\lib\router\route.js:149:13)
    at Route.dispatch (C:\Users\yamla\Desktop\NYDev\nyProjects\DonorLink\node_modules\.pnpm\express@4.22.1\node_modules\express\lib\router\route.js:119:3)
    at Layer.handle [as handle_request] (C:\Users\yamla\Desktop\NYDev\nyProjects\DonorLink\node_modules\.pnpm\express@4.22.1\node_modules\express\lib\router\layer.js:95:5)
    at C:\Users\yamla\Desktop\NYDev\nyProjects\DonorLink\node_modules\.pnpm\express@4.22.1\node_modules\express\lib\router\index.js:284:15
    at Function.process_params (C:\Users\yamla\Desktop\NYDev\nyProjects\DonorLink\node_modules\.pnpm\express@4.22.1\node_modules\express\lib\router\index.js:346:12)
    at next (C:\Users\yamla\Desktop\NYDev\nyProjects\DonorLink\node_modules\.pnpm\express@4.22.1\node_modules\express\lib\router\index.js:280:10)
    at Function.handle (C:\Users\yamla\Desktop\NYDev\nyProjects\DonorLink\node_modules\.pnpm\express@4.22.1\node_modules\express\lib\router\index.js:175:3)
    at router (C:\Users\yamla\Desktop\NYDev\nyProjects\DonorLink\node_modules\.pnpm\express@4.22.1\node_modules\express\lib\router\index.js:47:12) {"service":"donorlink-api"}
2026-05-16 02:25:19 [info]: ::1 GET /api/v1/dashboard/stats 500 121 - 4.774 ms {"service":"donorlink-api"}
2026-05-16 02:25:20 [error]: ReferenceError: AlertSeverity is not defined
    at getPublicStats (C:\Users\yamla\Desktop\NYDev\nyProjects\DonorLink\apps\api\src\modules\dashboard\controllers\dashboardController.ts:18:70)
    at Layer.handle [as handle_request] (C:\Users\yamla\Desktop\NYDev\nyProjects\DonorLink\node_modules\.pnpm\express@4.22.1\node_modules\express\lib\router\layer.js:95:5)
    at next (C:\Users\yamla\Desktop\NYDev\nyProjects\DonorLink\node_modules\.pnpm\express@4.22.1\node_modules\express\lib\router\route.js:149:13)
    at Route.dispatch (C:\Users\yamla\Desktop\NYDev\nyProjects\DonorLink\node_modules\.pnpm\express@4.22.1\node_modules\express\lib\router\route.js:119:3)
    at Layer.handle [as handle_request] (C:\Users\yamla\Desktop\NYDev\nyProjects\DonorLink\node_modules\.pnpm\express@4.22.1\node_modules\express\lib\router\layer.js:95:5)
    at C:\Users\yamla\Desktop\NYDev\nyProjects\DonorLink\node_modules\.pnpm\express@4.22.1\node_modules\express\lib\router\index.js:284:15
    at Function.process_params (C:\Users\yamla\Desktop\NYDev\nyProjects\DonorLink\node_modules\.pnpm\express@4.22.1\node_modules\express\lib\router\index.js:346:12)
    at next (C:\Users\yamla\Desktop\NYDev\nyProjects\DonorLink\node_modules\.pnpm\express@4.22.1\node_modules\express\lib\router\index.js:280:10)
    at Function.handle (C:\Users\yamla\Desktop\NYDev\nyProjects\DonorLink\node_modules\.pnpm\express@4.22.1\node_modules\express\lib\router\index.js:175:3)
    at router (C:\Users\yamla\Desktop\NYDev\nyProjects\DonorLink\node_modules\.pnpm\express@4.22.1\node_modules\express\lib\router\index.js:47:12) {"service":"donorlink-api"}
2026-05-16 02:25:20 [info]: ::1 GET /api/v1/dashboard/stats 500 121 - 14.589 ms {"service":"donorlink-api"}
2026-05-16 02:25:21 [error]: ReferenceError: AlertSeverity is not defined
    at getPublicStats (C:\Users\yamla\Desktop\NYDev\nyProjects\DonorLink\apps\api\src\modules\dashboard\controllers\dashboardController.ts:18:70)
    at Layer.handle [as handle_request] (C:\Users\yamla\Desktop\NYDev\nyProjects\DonorLink\node_modules\.pnpm\express@4.22.1\node_modules\express\lib\router\layer.js:95:5)
    at next (C:\Users\yamla\Desktop\NYDev\nyProjects\DonorLink\node_modules\.pnpm\express@4.22.1\node_modules\express\lib\router\route.js:149:13)
    at Route.dispatch (C:\Users\yamla\Desktop\NYDev\nyProjects\DonorLink\node_modules\.pnpm\express@4.22.1\node_modules\express\lib\router\route.js:119:3)
    at Layer.handle [as handle_request] (C:\Users\yamla\Desktop\NYDev\nyProjects\DonorLink\node_modules\.pnpm\express@4.22.1\node_modules\express\lib\router\layer.js:95:5)
    at C:\Users\yamla\Desktop\NYDev\nyProjects\DonorLink\node_modules\.pnpm\express@4.22.1\node_modules\express\lib\router\index.js:284:15
    at Function.process_params (C:\Users\yamla\Desktop\NYDev\nyProjects\DonorLink\node_modules\.pnpm\express@4.22.1\node_modules\express\lib\router\index.js:346:12)
    at next (C:\Users\yamla\Desktop\NYDev\nyProjects\DonorLink\node_modules\.pnpm\express@4.22.1\node_modules\express\lib\router\index.js:280:10)
    at Function.handle (C:\Users\yamla\Desktop\NYDev\nyProjects\DonorLink\node_modules\.pnpm\express@4.22.1\node_modules\express\lib\router\index.js:175:3)
    at router (C:\Users\yamla\Desktop\NYDev\nyProjects\DonorLink\node_modules\.pnpm\express@4.22.1\node_modules\express\lib\router\index.js:47:12) {"service":"donorlink-api"}
2026-05-16 02:25:21 [info]: ::1 GET /api/v1/dashboard/stats 500 121 - 2.456 ms {"service":"donorlink-api"}
2026-05-16 02:27:20 [info]: 🚀 Starting DonorLink API Server... {"service":"donorlink-api"}
2026-05-16 02:27:20 [info]: 🗄️  Connecting to MongoDB (attempt 1/5)... {"service":"donorlink-api"}
2026-05-16 02:27:25 [info]: ✅ MongoDB connected successfully {"service":"donorlink-api"}
2026-05-16 02:27:25 [info]: 📡 Registering domain event handlers... {"service":"donorlink-api"}
2026-05-16 02:27:25 [debug]: Event handler registered for: blood_unit_created {"service":"donorlink-api"}
2026-05-16 02:27:25 [debug]: Event handler registered for: blood_unit_expired {"service":"donorlink-api"}
2026-05-16 02:27:25 [debug]: Event handler registered for: blood_unit_used {"service":"donorlink-api"}
2026-05-16 02:27:25 [debug]: Event handler registered for: emergency_declared {"service":"donorlink-api"}
2026-05-16 02:27:25 [debug]: Event handler registered for: transfer_requested {"service":"donorlink-api"}
2026-05-16 02:27:25 [debug]: Event handler registered for: transfer_completed {"service":"donorlink-api"}
2026-05-16 02:27:25 [debug]: Event handler registered for: shortage_detected {"service":"donorlink-api"}
2026-05-16 02:27:25 [debug]: Event handler registered for: user_created {"service":"donorlink-api"}
2026-05-16 02:27:25 [info]: ✅ Domain event handlers registered {"service":"donorlink-api"}
2026-05-16 02:27:25 [info]: ⏰ Initializing job scheduler... {"service":"donorlink-api"}
2026-05-16 02:27:25 [info]: ✅ Job scheduler initialized {"service":"donorlink-api"}
2026-05-16 02:27:25 [info]: ✅ DonorLink API running on port 5000 {"service":"donorlink-api"}
2026-05-16 02:27:25 [info]: 📡 Environment: development {"service":"donorlink-api"}
2026-05-16 02:27:25 [info]: 🔗 Health: http://localhost:5000/api/v1/health {"service":"donorlink-api"}
2026-05-16 02:29:31 [debug]: Event emitted: user_login {"service":"donorlink-api","payload":"{\"userId\":\"6a07712590143f78499ded23\"}"}
2026-05-16 02:29:31 [info]: ::1 POST /api/v1/auth/login 200 791 - 1197.807 ms {"service":"donorlink-api"}
2026-05-16 02:29:48 [debug]: Event emitted: user_login {"service":"donorlink-api","payload":"{\"userId\":\"6a07712590143f78499ded23\"}"}
2026-05-16 02:29:48 [info]: ::1 POST /api/v1/auth/login 200 791 - 1069.132 ms {"service":"donorlink-api"}
2026-05-16 02:31:47 [info]: 🚀 Starting DonorLink API Server... {"service":"donorlink-api"}
2026-05-16 02:31:47 [info]: 🗄️  Connecting to MongoDB (attempt 1/5)... {"service":"donorlink-api"}
2026-05-16 02:31:50 [info]: ✅ MongoDB connected successfully {"service":"donorlink-api"}
2026-05-16 02:31:50 [info]: 📡 Registering domain event handlers... {"service":"donorlink-api"}
2026-05-16 02:31:50 [debug]: Event handler registered for: blood_unit_created {"service":"donorlink-api"}
2026-05-16 02:31:50 [debug]: Event handler registered for: blood_unit_expired {"service":"donorlink-api"}
2026-05-16 02:31:50 [debug]: Event handler registered for: blood_unit_used {"service":"donorlink-api"}
2026-05-16 02:31:50 [debug]: Event handler registered for: emergency_declared {"service":"donorlink-api"}
2026-05-16 02:31:50 [debug]: Event handler registered for: transfer_requested {"service":"donorlink-api"}
2026-05-16 02:31:50 [debug]: Event handler registered for: transfer_completed {"service":"donorlink-api"}
2026-05-16 02:31:50 [debug]: Event handler registered for: shortage_detected {"service":"donorlink-api"}
2026-05-16 02:31:50 [debug]: Event handler registered for: user_created {"service":"donorlink-api"}
2026-05-16 02:31:50 [info]: ✅ Domain event handlers registered {"service":"donorlink-api"}
2026-05-16 02:31:50 [info]: ⏰ Initializing job scheduler... {"service":"donorlink-api"}
2026-05-16 02:31:50 [info]: ✅ Job scheduler initialized {"service":"donorlink-api"}
2026-05-16 02:31:50 [info]: ✅ DonorLink API running on port 5000 {"service":"donorlink-api"}
2026-05-16 02:31:50 [info]: 📡 Environment: development {"service":"donorlink-api"}
2026-05-16 02:31:50 [info]: 🔗 Health: http://localhost:5000/api/v1/health {"service":"donorlink-api"}
2026-05-16 02:38:49 [info]: 🚀 Starting DonorLink API Server... {"service":"donorlink-api"}
2026-05-16 02:38:49 [info]: 🗄️  Connecting to MongoDB (attempt 1/5)... {"service":"donorlink-api"}
2026-05-16 02:38:53 [info]: ✅ MongoDB connected successfully {"service":"donorlink-api"}
2026-05-16 02:38:53 [info]: 📡 Registering domain event handlers... {"service":"donorlink-api"}
2026-05-16 02:38:53 [debug]: Event handler registered for: blood_unit_created {"service":"donorlink-api"}
2026-05-16 02:38:53 [debug]: Event handler registered for: blood_unit_expired {"service":"donorlink-api"}
2026-05-16 02:38:53 [debug]: Event handler registered for: blood_unit_used {"service":"donorlink-api"}
2026-05-16 02:38:53 [debug]: Event handler registered for: emergency_declared {"service":"donorlink-api"}
2026-05-16 02:38:53 [debug]: Event handler registered for: transfer_requested {"service":"donorlink-api"}
2026-05-16 02:38:53 [debug]: Event handler registered for: transfer_completed {"service":"donorlink-api"}
2026-05-16 02:38:53 [debug]: Event handler registered for: shortage_detected {"service":"donorlink-api"}
2026-05-16 02:38:53 [debug]: Event handler registered for: user_created {"service":"donorlink-api"}
2026-05-16 02:38:53 [info]: ✅ Domain event handlers registered {"service":"donorlink-api"}
2026-05-16 02:38:53 [info]: ⏰ Initializing job scheduler... {"service":"donorlink-api"}
2026-05-16 02:38:53 [info]: ✅ Job scheduler initialized {"service":"donorlink-api"}
2026-05-16 02:38:53 [info]: ✅ DonorLink API running on port 5000 {"service":"donorlink-api"}
2026-05-16 02:38:53 [info]: 📡 Environment: development {"service":"donorlink-api"}
2026-05-16 02:38:53 [info]: 🔗 Health: http://localhost:5000/api/v1/health {"service":"donorlink-api"}
2026-05-16 02:41:53 [info]: 🚀 Starting DonorLink API Server... {"service":"donorlink-api"}
2026-05-16 02:41:53 [info]: 🗄️  Connecting to MongoDB (attempt 1/5)... {"service":"donorlink-api"}
2026-05-16 02:41:56 [info]: ✅ MongoDB connected successfully {"service":"donorlink-api"}
2026-05-16 02:41:56 [info]: 📡 Registering domain event handlers... {"service":"donorlink-api"}
2026-05-16 02:41:56 [debug]: Event handler registered for: blood_unit_created {"service":"donorlink-api"}
2026-05-16 02:41:56 [debug]: Event handler registered for: blood_unit_expired {"service":"donorlink-api"}
2026-05-16 02:41:56 [debug]: Event handler registered for: blood_unit_used {"service":"donorlink-api"}
2026-05-16 02:41:56 [debug]: Event handler registered for: emergency_declared {"service":"donorlink-api"}
2026-05-16 02:41:56 [debug]: Event handler registered for: transfer_requested {"service":"donorlink-api"}
2026-05-16 02:41:56 [debug]: Event handler registered for: transfer_completed {"service":"donorlink-api"}
2026-05-16 02:41:56 [debug]: Event handler registered for: shortage_detected {"service":"donorlink-api"}
2026-05-16 02:41:56 [debug]: Event handler registered for: user_created {"service":"donorlink-api"}
2026-05-16 02:41:56 [info]: ✅ Domain event handlers registered {"service":"donorlink-api"}
2026-05-16 02:41:56 [info]: ⏰ Initializing job scheduler... {"service":"donorlink-api"}
2026-05-16 02:41:56 [info]: ✅ Job scheduler initialized {"service":"donorlink-api"}
2026-05-16 02:41:56 [info]: ✅ DonorLink API running on port 5000 {"service":"donorlink-api"}
2026-05-16 02:41:56 [info]: 📡 Environment: development {"service":"donorlink-api"}
2026-05-16 02:41:56 [info]: 🔗 Health: http://localhost:5000/api/v1/health {"service":"donorlink-api"}
2026-05-16 02:42:09 [info]: 🚀 Starting DonorLink API Server... {"service":"donorlink-api"}
2026-05-16 02:42:09 [info]: 🗄️  Connecting to MongoDB (attempt 1/5)... {"service":"donorlink-api"}
2026-05-16 02:42:12 [info]: ✅ MongoDB connected successfully {"service":"donorlink-api"}
2026-05-16 02:42:12 [info]: 📡 Registering domain event handlers... {"service":"donorlink-api"}
2026-05-16 02:42:12 [debug]: Event handler registered for: blood_unit_created {"service":"donorlink-api"}
2026-05-16 02:42:12 [debug]: Event handler registered for: blood_unit_expired {"service":"donorlink-api"}
2026-05-16 02:42:12 [debug]: Event handler registered for: blood_unit_used {"service":"donorlink-api"}
2026-05-16 02:42:12 [debug]: Event handler registered for: emergency_declared {"service":"donorlink-api"}
2026-05-16 02:42:12 [debug]: Event handler registered for: transfer_requested {"service":"donorlink-api"}
2026-05-16 02:42:12 [debug]: Event handler registered for: transfer_completed {"service":"donorlink-api"}
2026-05-16 02:42:12 [debug]: Event handler registered for: shortage_detected {"service":"donorlink-api"}
2026-05-16 02:42:12 [debug]: Event handler registered for: user_created {"service":"donorlink-api"}
2026-05-16 02:42:12 [info]: ✅ Domain event handlers registered {"service":"donorlink-api"}
2026-05-16 02:42:12 [info]: ⏰ Initializing job scheduler... {"service":"donorlink-api"}
2026-05-16 02:42:12 [info]: ✅ Job scheduler initialized {"service":"donorlink-api"}
2026-05-16 02:42:12 [info]: ✅ DonorLink API running on port 5000 {"service":"donorlink-api"}
2026-05-16 02:42:12 [info]: 📡 Environment: development {"service":"donorlink-api"}
2026-05-16 02:42:12 [info]: 🔗 Health: http://localhost:5000/api/v1/health {"service":"donorlink-api"}
2026-05-16 02:42:45 [info]: 🔄 Warmup: Initializing DonorLink Core Systems... {"service":"donorlink-api"}
2026-05-16 02:42:45 [info]: 🗄️  Connecting to MongoDB (attempt 1/5)... {"service":"donorlink-api"}
2026-05-16 02:42:48 [info]: ✅ MongoDB connected successfully {"service":"donorlink-api"}
2026-05-16 02:42:48 [info]: ✅ MongoDB pipeline established successfully. {"service":"donorlink-api"}
2026-05-16 02:42:48 [info]: 📡 Registering domain event handlers... {"service":"donorlink-api"}
2026-05-16 02:42:48 [debug]: Event handler registered for: blood_unit_created {"service":"donorlink-api"}
2026-05-16 02:42:48 [debug]: Event handler registered for: blood_unit_expired {"service":"donorlink-api"}
2026-05-16 02:42:48 [debug]: Event handler registered for: blood_unit_used {"service":"donorlink-api"}
2026-05-16 02:42:48 [debug]: Event handler registered for: emergency_declared {"service":"donorlink-api"}
2026-05-16 02:42:48 [debug]: Event handler registered for: transfer_requested {"service":"donorlink-api"}
2026-05-16 02:42:48 [debug]: Event handler registered for: transfer_completed {"service":"donorlink-api"}
2026-05-16 02:42:48 [debug]: Event handler registered for: shortage_detected {"service":"donorlink-api"}
2026-05-16 02:42:48 [debug]: Event handler registered for: user_created {"service":"donorlink-api"}
2026-05-16 02:42:48 [info]: ✅ Domain event handlers registered {"service":"donorlink-api"}
2026-05-16 02:42:48 [info]: ⏰ Initializing job scheduler... {"service":"donorlink-api"}
2026-05-16 02:42:48 [info]: ✅ Job scheduler initialized {"service":"donorlink-api"}
2026-05-16 02:42:48 [info]: ⏰ Enterprise internal job scheduler initialized. {"service":"donorlink-api"}
2026-05-16 02:42:48 [info]: ✅ DonorLink API running locally on port 5000 {"service":"donorlink-api"}
2026-05-16 02:42:48 [info]: 📡 Target Operational Environment: development {"service":"donorlink-api"}
2026-05-16 02:42:48 [info]: 🔗 Health Interface: http://localhost:5000/api/v1/health {"service":"donorlink-api"}
2026-05-16 02:42:51 [info]: 
SIGINT intercepted. Graceful drainage executing... {"service":"donorlink-api"}
2026-05-16 02:42:51 [info]: HTTP entry gateway dropped. {"service":"donorlink-api"}
2026-05-16 02:42:51 [warn]: MongoDB disconnected {"service":"donorlink-api"}
