2026-05-15 21:19:40 [error]: Redis connection error: {"service":"donorlink-api"}
2026-05-15 21:19:40 [error]: Error: listen EADDRINUSE: address already in use :::5000
    at Server.setupListenHandle [as _listen2] (node:net:1939:16)
    at listenInCluster (node:net:1996:12)
    at Server.listen (node:net:2101:7)
    at Function.listen (C:\Users\yamla\Desktop\NYDev\nyProjects\DonorLink\node_modules\.pnpm\express@4.22.1\node_modules\express\lib\application.js:635:24)
    at bootstrap (C:\Users\yamla\Desktop\NYDev\nyProjects\DonorLink\apps\api\src\server.ts:31:24)
    at processTicksAndRejections (node:internal/process/task_queues:105:5) {"service":"donorlink-api","code":"EADDRINUSE","errno":-4091,"syscall":"listen","address":"::","port":5000}
2026-05-15 21:19:40 [error]: Redis connection error: {"service":"donorlink-api"}
2026-05-15 21:19:40 [error]: Redis connection error: {"service":"donorlink-api"}
2026-05-15 21:19:41 [error]: Redis connection error: {"service":"donorlink-api"}
2026-05-15 21:19:42 [error]: Redis connection error: {"service":"donorlink-api"}
2026-05-15 21:19:43 [error]: Redis connection error: {"service":"donorlink-api"}
2026-05-15 21:19:44 [error]: Redis connection error: {"service":"donorlink-api"}
2026-05-15 21:19:45 [error]: Redis connection error: {"service":"donorlink-api"}
2026-05-15 21:19:47 [error]: Redis connection error: {"service":"donorlink-api"}
2026-05-15 21:19:49 [error]: Redis connection error: {"service":"donorlink-api"}
2026-05-15 21:19:51 [error]: Redis connection error: {"service":"donorlink-api"}
2026-05-15 21:19:51 [error]: ❌ Redis: max retries reached {"service":"donorlink-api"}
2026-05-15 21:22:44 [error]: Redis connection error: {"service":"donorlink-api"}
2026-05-15 21:22:44 [error]: Redis connection error: {"service":"donorlink-api"}
2026-05-15 21:22:45 [error]: Redis connection error: {"service":"donorlink-api"}
2026-05-15 21:22:45 [error]: Redis connection error: {"service":"donorlink-api"}
2026-05-15 21:22:46 [error]: Redis connection error: {"service":"donorlink-api"}
2026-05-15 21:22:47 [error]: Error: listen EADDRINUSE: address already in use :::5000
    at Server.setupListenHandle [as _listen2] (node:net:1939:16)
    at listenInCluster (node:net:1996:12)
    at Server.listen (node:net:2101:7)
    at Function.listen (C:\Users\yamla\Desktop\NYDev\nyProjects\DonorLink\node_modules\.pnpm\express@4.22.1\node_modules\express\lib\application.js:635:24)
    at bootstrap (C:\Users\yamla\Desktop\NYDev\nyProjects\DonorLink\apps\api\src\server.ts:31:24)
    at processTicksAndRejections (node:internal/process/task_queues:105:5) {"service":"donorlink-api","code":"EADDRINUSE","errno":-4091,"syscall":"listen","address":"::","port":5000}
2026-05-15 21:22:47 [error]: Redis connection error: {"service":"donorlink-api"}
2026-05-15 21:22:48 [error]: Redis connection error: {"service":"donorlink-api"}
2026-05-15 21:22:50 [error]: Redis connection error: {"service":"donorlink-api"}
2026-05-15 21:22:52 [error]: Redis connection error: {"service":"donorlink-api"}
2026-05-15 21:22:53 [error]: Redis connection error: {"service":"donorlink-api"}
2026-05-15 21:22:55 [error]: Redis connection error: {"service":"donorlink-api"}
2026-05-15 21:22:55 [error]: ❌ Redis: max retries reached {"service":"donorlink-api"}
2026-05-15 21:28:02 [error]: Redis connection error: {"service":"donorlink-api"}
2026-05-15 21:28:02 [error]: Redis connection error: {"service":"donorlink-api"}
2026-05-15 21:28:03 [error]: Redis connection error: {"service":"donorlink-api"}
2026-05-15 21:28:03 [error]: Redis connection error: {"service":"donorlink-api"}
2026-05-15 21:28:04 [error]: Redis connection error: {"service":"donorlink-api"}
2026-05-15 21:28:05 [error]: Redis connection error: {"service":"donorlink-api"}
2026-05-15 21:28:06 [error]: Redis connection error: {"service":"donorlink-api"}
2026-05-15 21:28:08 [error]: Redis connection error: {"service":"donorlink-api"}
2026-05-15 21:28:09 [error]: Redis connection error: {"service":"donorlink-api"}
2026-05-15 21:28:11 [error]: Redis connection error: {"service":"donorlink-api"}
2026-05-15 21:28:13 [error]: Redis connection error: {"service":"donorlink-api"}
2026-05-15 21:28:13 [error]: ❌ Redis: max retries reached {"service":"donorlink-api"}
2026-05-15 21:28:24 [error]: Redis connection error: {"service":"donorlink-api"}
2026-05-15 21:28:24 [error]: Error: listen EADDRINUSE: address already in use :::5000
    at Server.setupListenHandle [as _listen2] (node:net:1939:16)
    at listenInCluster (node:net:1996:12)
    at Server.listen (node:net:2101:7)
    at Function.listen (C:\Users\yamla\Desktop\NYDev\nyProjects\DonorLink\node_modules\.pnpm\express@4.22.1\node_modules\express\lib\application.js:635:24)
    at bootstrap (C:\Users\yamla\Desktop\NYDev\nyProjects\DonorLink\apps\api\src\server.ts:31:24)
    at processTicksAndRejections (node:internal/process/task_queues:105:5) {"service":"donorlink-api","code":"EADDRINUSE","errno":-4091,"syscall":"listen","address":"::","port":5000}
2026-05-15 21:28:24 [error]: Redis connection error: {"service":"donorlink-api"}
2026-05-15 21:28:25 [error]: Redis connection error: {"service":"donorlink-api"}
2026-05-15 21:28:25 [error]: Redis connection error: {"service":"donorlink-api"}
2026-05-15 21:28:26 [error]: Redis connection error: {"service":"donorlink-api"}
2026-05-15 21:28:27 [error]: Redis connection error: {"service":"donorlink-api"}
2026-05-15 21:28:28 [error]: Redis connection error: {"service":"donorlink-api"}
2026-05-15 21:28:37 [error]: Error: listen EADDRINUSE: address already in use :::5000
    at Server.setupListenHandle [as _listen2] (node:net:1939:16)
    at listenInCluster (node:net:1996:12)
    at Server.listen (node:net:2101:7)
    at Function.listen (C:\Users\yamla\Desktop\NYDev\nyProjects\DonorLink\node_modules\.pnpm\express@4.22.1\node_modules\express\lib\application.js:635:24)
    at bootstrap (C:\Users\yamla\Desktop\NYDev\nyProjects\DonorLink\apps\api\src\server.ts:31:24)
    at processTicksAndRejections (node:internal/process/task_queues:105:5) {"service":"donorlink-api","code":"EADDRINUSE","errno":-4091,"syscall":"listen","address":"::","port":5000}
2026-05-15 21:28:37 [error]: Redis connection error: {"service":"donorlink-api"}
2026-05-15 21:28:37 [error]: Redis connection error: {"service":"donorlink-api"}
2026-05-15 21:28:37 [error]: Redis connection error: {"service":"donorlink-api"}
2026-05-15 21:28:53 [error]: Error: listen EADDRINUSE: address already in use :::5000
    at Server.setupListenHandle [as _listen2] (node:net:1939:16)
    at listenInCluster (node:net:1996:12)
    at Server.listen (node:net:2101:7)
    at Function.listen (C:\Users\yamla\Desktop\NYDev\nyProjects\DonorLink\node_modules\.pnpm\express@4.22.1\node_modules\express\lib\application.js:635:24)
    at bootstrap (C:\Users\yamla\Desktop\NYDev\nyProjects\DonorLink\apps\api\src\server.ts:31:24)
    at processTicksAndRejections (node:internal/process/task_queues:105:5) {"service":"donorlink-api","code":"EADDRINUSE","errno":-4091,"syscall":"listen","address":"::","port":5000}
2026-05-15 21:28:53 [error]: Redis connection error: {"service":"donorlink-api"}
2026-05-15 21:28:53 [error]: Redis connection error: {"service":"donorlink-api"}
2026-05-15 21:28:54 [error]: Redis connection error: {"service":"donorlink-api"}
2026-05-15 21:28:54 [error]: Redis connection error: {"service":"donorlink-api"}
2026-05-15 21:28:55 [error]: Redis connection error: {"service":"donorlink-api"}
2026-05-15 21:28:56 [error]: Redis connection error: {"service":"donorlink-api"}
2026-05-15 21:28:57 [error]: Redis connection error: {"service":"donorlink-api"}
2026-05-15 21:28:59 [error]: Redis connection error: {"service":"donorlink-api"}
2026-05-15 21:29:00 [error]: Redis connection error: {"service":"donorlink-api"}
2026-05-15 21:29:02 [error]: Redis connection error: {"service":"donorlink-api"}
2026-05-15 21:29:04 [error]: Redis connection error: {"service":"donorlink-api"}
2026-05-15 21:29:04 [error]: ❌ Redis: max retries reached {"service":"donorlink-api"}
2026-05-15 21:29:49 [error]: Redis connection error: {"service":"donorlink-api"}
2026-05-15 21:29:49 [error]: Redis connection error: {"service":"donorlink-api"}
2026-05-15 21:29:49 [error]: Redis connection error: {"service":"donorlink-api"}
2026-05-15 21:29:50 [error]: Redis connection error: {"service":"donorlink-api"}
2026-05-15 21:29:50 [error]: Error: listen EADDRINUSE: address already in use :::5000
    at Server.setupListenHandle [as _listen2] (node:net:1939:16)
    at listenInCluster (node:net:1996:12)
    at Server.listen (node:net:2101:7)
    at Function.listen (C:\Users\yamla\Desktop\NYDev\nyProjects\DonorLink\node_modules\.pnpm\express@4.22.1\node_modules\express\lib\application.js:635:24)
    at bootstrap (C:\Users\yamla\Desktop\NYDev\nyProjects\DonorLink\apps\api\src\server.ts:31:24)
    at processTicksAndRejections (node:internal/process/task_queues:105:5) {"service":"donorlink-api","code":"EADDRINUSE","errno":-4091,"syscall":"listen","address":"::","port":5000}
2026-05-15 21:29:51 [error]: Redis connection error: {"service":"donorlink-api"}
2026-05-15 21:29:52 [error]: Redis connection error: {"service":"donorlink-api"}
2026-05-15 21:29:53 [error]: Redis connection error: {"service":"donorlink-api"}
2026-05-15 21:29:54 [error]: Redis connection error: {"service":"donorlink-api"}
2026-05-15 21:29:56 [error]: Redis connection error: {"service":"donorlink-api"}
2026-05-15 21:29:58 [error]: Redis connection error: {"service":"donorlink-api"}
2026-05-15 21:30:00 [error]: Redis connection error: {"service":"donorlink-api"}
2026-05-15 21:30:00 [error]: ❌ Redis: max retries reached {"service":"donorlink-api"}
2026-05-15 21:38:21 [error]: Redis connection error: {"service":"donorlink-api"}
2026-05-15 21:38:21 [error]: Redis connection error: {"service":"donorlink-api"}
2026-05-15 21:38:22 [error]: Redis connection error: {"service":"donorlink-api"}
2026-05-15 21:38:22 [error]: Redis connection error: {"service":"donorlink-api"}
2026-05-15 21:38:23 [error]: Redis connection error: {"service":"donorlink-api"}
2026-05-15 21:38:24 [error]: Redis connection error: {"service":"donorlink-api"}
2026-05-15 21:38:25 [error]: Redis connection error: {"service":"donorlink-api"}
2026-05-15 21:38:27 [error]: Redis connection error: {"service":"donorlink-api"}
2026-05-15 21:38:28 [error]: Redis connection error: {"service":"donorlink-api"}
2026-05-15 21:38:30 [error]: Redis connection error: {"service":"donorlink-api"}
2026-05-15 21:38:32 [error]: Redis connection error: {"service":"donorlink-api"}
2026-05-15 21:38:32 [error]: ❌ Redis: max retries reached {"service":"donorlink-api"}
2026-05-15 21:50:24 [error]: TypeError: (0 , config_1.createRedisConnection) is not a function
    at bootstrap (C:\Users\yamla\Desktop\NYDev\nyProjects\DonorLink\apps\api\src\server.ts:20:26)
    at processTicksAndRejections (node:internal/process/task_queues:105:5) {"service":"donorlink-api"}
2026-05-15 22:13:39 [error]: MongoServerError: E11000 duplicate key error collection: donorlink.hospitals index: licenseNumber_1 dup key: { licenseNumber: null }
    at InsertOneOperation.handleOk (C:\Users\yamla\Desktop\NYDev\nyProjects\DonorLink\node_modules\.pnpm\mongodb@6.20.0\node_modules\mongodb\src\operations\insert.ts:79:13)
    at tryOperation (C:\Users\yamla\Desktop\NYDev\nyProjects\DonorLink\node_modules\.pnpm\mongodb@6.20.0\node_modules\mongodb\src\operations\execute_operation.ts:290:26)
    at process.processTicksAndRejections (node:internal/process/task_queues:105:5)
    at async executeOperation (C:\Users\yamla\Desktop\NYDev\nyProjects\DonorLink\node_modules\.pnpm\mongodb@6.20.0\node_modules\mongodb\src\operations\execute_operation.ts:119:12)
    at async Collection.insertOne (C:\Users\yamla\Desktop\NYDev\nyProjects\DonorLink\node_modules\.pnpm\mongodb@6.20.0\node_modules\mongodb\src\collection.ts:294:12) {"service":"donorlink-api","errorLabelSet":{},"errorResponse":{"index":0,"code":11000,"errmsg":"E11000 duplicate key error collection: donorlink.hospitals index: licenseNumber_1 dup key: { licenseNumber: null }","keyPattern":{"licenseNumber":1},"keyValue":{"licenseNumber":null}},"index":0,"code":11000,"keyPattern":{"licenseNumber":1},"keyValue":{"licenseNumber":null}}
2026-05-15 22:14:16 [error]: MongoServerError: E11000 duplicate key error collection: donorlink.hospitals index: licenseNumber_1 dup key: { licenseNumber: null }
    at InsertOneOperation.handleOk (C:\Users\yamla\Desktop\NYDev\nyProjects\DonorLink\node_modules\.pnpm\mongodb@6.20.0\node_modules\mongodb\src\operations\insert.ts:79:13)
    at tryOperation (C:\Users\yamla\Desktop\NYDev\nyProjects\DonorLink\node_modules\.pnpm\mongodb@6.20.0\node_modules\mongodb\src\operations\execute_operation.ts:290:26)
    at process.processTicksAndRejections (node:internal/process/task_queues:105:5)
    at async executeOperation (C:\Users\yamla\Desktop\NYDev\nyProjects\DonorLink\node_modules\.pnpm\mongodb@6.20.0\node_modules\mongodb\src\operations\execute_operation.ts:119:12)
    at async Collection.insertOne (C:\Users\yamla\Desktop\NYDev\nyProjects\DonorLink\node_modules\.pnpm\mongodb@6.20.0\node_modules\mongodb\src\collection.ts:294:12) {"service":"donorlink-api","errorLabelSet":{},"errorResponse":{"index":0,"code":11000,"errmsg":"E11000 duplicate key error collection: donorlink.hospitals index: licenseNumber_1 dup key: { licenseNumber: null }","keyPattern":{"licenseNumber":1},"keyValue":{"licenseNumber":null}},"index":0,"code":11000,"keyPattern":{"licenseNumber":1},"keyValue":{"licenseNumber":null}}
